#
# There is insufficient memory for the Java Runtime Environment to continue.
# Native memory allocation (malloc) failed to allocate 1048576 bytes. Error detail: AllocateHeap
# Possible reasons:
#   The system is out of physical RAM or swap space
#   This process is running with CompressedOops enabled, and the Java Heap may be blocking the growth of the native heap
# Possible solutions:
#   Reduce memory load on the system
#   Increase physical memory or swap space
#   Check if swap backing store is full
#   Decrease Java heap size (-Xmx/-Xms)
#   Decrease number of Java threads
#   Decrease Java thread stack sizes (-Xss)
#   Set larger code cache with -XX:ReservedCodeCacheSize=
#   JVM is running with Unscaled Compressed Oops mode in which the Java heap is
#     placed in the first 4GB address space. The Java Heap base address is the
#     maximum limit for the native heap growth. Please use -XX:HeapBaseMinAddress
#     to set the Java Heap base and to place the Java Heap above 4GB virtual address.
# This output file may be truncated or incomplete.
#
#  Out of Memory Error (allocation.cpp:44), pid=14716, tid=21956
#
# JRE version: OpenJDK Runtime Environment Temurin-17.0.11+9 (17.0.11+9) (build 17.0.11+9)
# Java VM: OpenJDK 64-Bit Server VM Temurin-17.0.11+9 (17.0.11+9, mixed mode, emulated-client, tiered, compressed oops, compressed class ptrs, g1 gc, windows-amd64)
# No core dump will be written. Minidumps are not enabled by default on client versions of Windows
#

---------------  S U M M A R Y ------------

Command Line: -Xmx1024m -Dsts.lsp.client=vscode -Dsts.log.file=/dev/null -XX:TieredStopAtLevel=1 -Xlog:jni+resolve=off -Dspring.config.location=file:c:\Users\Dell\.vscode\extensions\vmware.vscode-spring-boot-1.55.1\language-server\BOOT-INF\classes\application.properties org.springframework.ide.vscode.boot.app.BootLanguageServerBootApp

Host: AMD Ryzen 5 3500U with Radeon Vega Mobile Gfx  , 8 cores, 5G,  Windows 10 , 64 bit Build 19041 (10.0.19041.3636)
Time: Sat Jun 22 16:16:06 2024 SE Asia Standard Time elapsed time: 986.651216 seconds (0d 0h 16m 26s)

---------------  T H R E A D  ---------------

Current thread (0x000001943812fbc0):  VMThread "VM Thread" [stack: 0x00000022d0700000,0x00000022d0800000] [id=21956]

Stack: [0x00000022d0700000,0x00000022d0800000]
Native frames: (J=compiled Java code, j=interpreted, Vv=VM code, C=native code)
V  [jvm.dll+0x67d429]
V  [jvm.dll+0x834b7a]
V  [jvm.dll+0x83663e]
V  [jvm.dll+0x836ca3]
V  [jvm.dll+0x247dbf]
V  [jvm.dll+0xa6cb3]
V  [jvm.dll+0x2f8ad3]
V  [jvm.dll+0x2f4750]
V  [jvm.dll+0x2dcf67]
V  [jvm.dll+0x31fb67]
V  [jvm.dll+0x83b19b]
V  [jvm.dll+0x83bed2]
V  [jvm.dll+0x83c3ed]
V  [jvm.dll+0x83c7c4]
V  [jvm.dll+0x83c890]
V  [jvm.dll+0x7e410a]
V  [jvm.dll+0x67c315]
C  [ucrtbase.dll+0x21bb2]
C  [KERNEL32.DLL+0x17344]
C  [ntdll.dll+0x4cc91]

VM_Operation (0x00000022d1efec20): G1CollectFull, mode: safepoint, requested by thread 0x000001943db61fd0


---------------  P R O C E S S  ---------------

Threads class SMR info:
_java_thread_list=0x000001943d9ecfb0, length=20, elements={
0x0000019438151380, 0x00000194381529a0, 0x00000194382ad090, 0x00000194382adbc0,
0x000001943817e780, 0x00000194381890e0, 0x0000019438189aa0, 0x000001943818b050,
0x00000194384aa3a0, 0x00000194384b5360, 0x000001943db63390, 0x000001943db61fd0,
0x000001943db9e020, 0x000001942d31c7c0, 0x000001943db515c0, 0x000001943dc3dbf0,
0x000001943dc59f10, 0x000001943dc5ae40, 0x000001943dc5bd70, 0x000001943dc5b860
}

Java Threads: ( => current thread )
  0x0000019438151380 JavaThread "Reference Handler" daemon [_thread_blocked, id=16476, stack(0x00000022d0800000,0x00000022d0900000)]
  0x00000194381529a0 JavaThread "Finalizer" daemon [_thread_blocked, id=12736, stack(0x00000022d0900000,0x00000022d0a00000)]
  0x00000194382ad090 JavaThread "Signal Dispatcher" daemon [_thread_blocked, id=12448, stack(0x00000022d0a00000,0x00000022d0b00000)]
  0x00000194382adbc0 JavaThread "Attach Listener" daemon [_thread_blocked, id=21148, stack(0x00000022d0b00000,0x00000022d0c00000)]
  0x000001943817e780 JavaThread "Service Thread" daemon [_thread_blocked, id=19016, stack(0x00000022d0c00000,0x00000022d0d00000)]
  0x00000194381890e0 JavaThread "Monitor Deflation Thread" daemon [_thread_blocked, id=9800, stack(0x00000022d0d00000,0x00000022d0e00000)]
  0x0000019438189aa0 JavaThread "C1 CompilerThread0" daemon [_thread_blocked, id=11460, stack(0x00000022d0e00000,0x00000022d0f00000)]
  0x000001943818b050 JavaThread "Sweeper thread" daemon [_thread_blocked, id=16740, stack(0x00000022d0f00000,0x00000022d1000000)]
  0x00000194384aa3a0 JavaThread "Notification Thread" daemon [_thread_blocked, id=15692, stack(0x00000022d1100000,0x00000022d1200000)]
  0x00000194384b5360 JavaThread "Common-Cleaner" daemon [_thread_blocked, id=5816, stack(0x00000022d1300000,0x00000022d1400000)]
  0x000001943db63390 JavaThread "boundedElastic-evictor-1" daemon [_thread_blocked, id=22360, stack(0x00000022d1900000,0x00000022d1a00000)]
  0x000001943db61fd0 JavaThread "pool-13-thread-1" [_thread_blocked, id=14228, stack(0x00000022d1e00000,0x00000022d1f00000)]
  0x000001943db9e020 JavaThread "LanguageServerApp-lifecycle" [_thread_blocked, id=22900, stack(0x00000022d1f00000,0x00000022d2000000)]
  0x000001942d31c7c0 JavaThread "DestroyJavaVM" [_thread_blocked, id=22388, stack(0x00000022d0100000,0x00000022d0200000)]
  0x000001943db515c0 JavaThread "pool-14-thread-1" [_thread_in_native, id=1332, stack(0x00000022d2000000,0x00000022d2100000)]
  0x000001943dc3dbf0 JavaThread "Simple-Language-Server main thread" daemon [_thread_blocked, id=15648, stack(0x00000022d2100000,0x00000022d2200000)]
  0x000001943dc59f10 JavaThread "pool-6-thread-1" [_thread_blocked, id=7984, stack(0x00000022d2500000,0x00000022d2600000)]
  0x000001943dc5ae40 JavaThread "pool-8-thread-1" [_thread_blocked, id=4400, stack(0x00000022d1000000,0x00000022d1100000)]
  0x000001943dc5bd70 JavaThread "parallel-1" daemon [_thread_blocked, id=21616, stack(0x00000022d1a00000,0x00000022d1b00000)]
  0x000001943dc5b860 JavaThread "Reconciler-1" daemon [_thread_blocked, id=23308, stack(0x00000022d2800000,0x00000022d2900000)]

Other Threads:
=>0x000001943812fbc0 VMThread "VM Thread" [stack: 0x00000022d0700000,0x00000022d0800000] [id=21956]
  0x00000194384aa880 WatcherThread [stack: 0x00000022d1200000,0x00000022d1300000] [id=9560]
  0x000001942d357ea0 GCTaskThread "GC Thread#0" [stack: 0x00000022d0200000,0x00000022d0300000] [id=1724]
  0x000001943d09d560 GCTaskThread "GC Thread#1" [stack: 0x00000022d1400000,0x00000022d1500000] [id=11596]
  0x000001943d09c4e0 GCTaskThread "GC Thread#2" [stack: 0x00000022d1500000,0x00000022d1600000] [id=19552]
  0x000001943d09c7a0 GCTaskThread "GC Thread#3" [stack: 0x00000022d1600000,0x00000022d1700000] [id=14828]
  0x000001943d09ca60 GCTaskThread "GC Thread#4" [stack: 0x00000022d1700000,0x00000022d1800000] [id=21004]
  0x000001943d09d820 GCTaskThread "GC Thread#5" [stack: 0x00000022d1800000,0x00000022d1900000] [id=13460]
  0x000001943d09bf60 GCTaskThread "GC Thread#6" [stack: 0x00000022d1b00000,0x00000022d1c00000] [id=23140]
  0x000001943d09c220 GCTaskThread "GC Thread#7" [stack: 0x00000022d1c00000,0x00000022d1d00000] [id=13776]
  0x000001942d361600 ConcurrentGCThread "G1 Main Marker" [stack: 0x00000022d0300000,0x00000022d0400000] [id=16544]
  0x000001942d362830 ConcurrentGCThread "G1 Conc#0" [stack: 0x00000022d0400000,0x00000022d0500000] [id=13136]
  0x000001943d09cfe0 ConcurrentGCThread "G1 Conc#1" [stack: 0x00000022d1d00000,0x00000022d1e00000] [id=6356]
  0x0000019437fb0090 ConcurrentGCThread "G1 Refine#0" [stack: 0x00000022d0500000,0x00000022d0600000] [id=22852]
  0x0000019437fb09d0 ConcurrentGCThread "G1 Service" [stack: 0x00000022d0600000,0x00000022d0700000] [id=3364]

Threads with active compile tasks:

VM state: at safepoint (normal execution)

VM Mutex/Monitor currently owned by a thread:  ([mutex/lock_event])
[0x000001942d317b30] Threads_lock - owner thread: 0x000001943812fbc0
[0x000001942d317c50] Heap_lock - owner thread: 0x000001943db61fd0

Heap address: 0x00000000c0000000, size: 1024 MB, Compressed Oops mode: 32-bit

CDS archive(s) not mapped
Compressed class space mapped at: 0x0000000100000000-0x0000000140000000, reserved size: 1073741824
Narrow klass base: 0x0000000000000000, Narrow klass shift: 3, Narrow klass range: 0x140000000

GC Precious Log:
 CPUs: 8 total, 8 available
 Memory: 6030M
 Large Page Support: Disabled
 NUMA Support: Disabled
 Compressed Oops: Enabled (32-bit)
 Heap Region Size: 1M
 Heap Min Capacity: 8M
 Heap Initial Capacity: 96M
 Heap Max Capacity: 1G
 Pre-touch: Disabled
 Parallel Workers: 8
 Concurrent Workers: 2
 Concurrent Refinement Workers: 8
 Periodic GC: Disabled

Heap:
 garbage-first heap   total 78848K, used 24681K [0x00000000c0000000, 0x0000000100000000)
  region size 1024K, 1 young (1024K), 0 survivors (0K)
 Metaspace       used 39331K, committed 39936K, reserved 1114112K
  class space    used 5209K, committed 5440K, reserved 1048576K

Heap Regions: E=young(eden), S=young(survivor), O=old, HS=humongous(starts), HC=humongous(continues), CS=collection set, F=free, OA=open archive, CA=closed archive, TAMS=top-at-mark-start (previous, next)
|   0|0x00000000c0000000, 0x00000000c0100000, 0x00000000c0100000|100%|HS|  |TAMS 0x00000000c0100000, 0x00000000c0000000| Untracked 
|   1|0x00000000c0100000, 0x00000000c0200000, 0x00000000c0200000|100%|HC|  |TAMS 0x00000000c0200000, 0x00000000c0100000| Untracked 
|   2|0x00000000c0200000, 0x00000000c0300000, 0x00000000c0300000|100%|HC|  |TAMS 0x00000000c0300000, 0x00000000c0200000| Untracked 
|   3|0x00000000c0300000, 0x00000000c0400000, 0x00000000c0400000|100%|HC|  |TAMS 0x00000000c0400000, 0x00000000c0300000| Untracked 
|   4|0x00000000c0400000, 0x00000000c0500000, 0x00000000c0500000|100%|HS|  |TAMS 0x00000000c0500000, 0x00000000c0400000| Untracked 
|   5|0x00000000c0500000, 0x00000000c0600000, 0x00000000c0600000|100%|HC|  |TAMS 0x00000000c0600000, 0x00000000c0500000| Untracked 
|   6|0x00000000c0600000, 0x00000000c0700000, 0x00000000c0700000|100%| O|  |TAMS 0x00000000c0700000, 0x00000000c0600000| Untracked 
|   7|0x00000000c0700000, 0x00000000c07fff78, 0x00000000c0800000| 99%| O|  |TAMS 0x00000000c07fff78, 0x00000000c0700000| Untracked 
|   8|0x00000000c0800000, 0x00000000c0900000, 0x00000000c0900000|100%| O|  |TAMS 0x00000000c0900000, 0x00000000c0800000| Untracked 
|   9|0x00000000c0900000, 0x00000000c09ffff8, 0x00000000c0a00000| 99%| O|  |TAMS 0x00000000c09ffff8, 0x00000000c0900000| Untracked 
|  10|0x00000000c0a00000, 0x00000000c0affc60, 0x00000000c0b00000| 99%| O|  |TAMS 0x00000000c0affc60, 0x00000000c0a00000| Untracked 
|  11|0x00000000c0b00000, 0x00000000c0bfb810, 0x00000000c0c00000| 98%| O|  |TAMS 0x00000000c0bfb810, 0x00000000c0b00000| Untracked 
|  12|0x00000000c0c00000, 0x00000000c0cffff0, 0x00000000c0d00000| 99%| O|  |TAMS 0x00000000c0cffff0, 0x00000000c0c00000| Untracked 
|  13|0x00000000c0d00000, 0x00000000c0e00000, 0x00000000c0e00000|100%| O|  |TAMS 0x00000000c0e00000, 0x00000000c0d00000| Untracked 
|  14|0x00000000c0e00000, 0x00000000c0f00000, 0x00000000c0f00000|100%| O|  |TAMS 0x00000000c0f00000, 0x00000000c0e00000| Untracked 
|  15|0x00000000c0f00000, 0x00000000c0ffffd0, 0x00000000c1000000| 99%| O|  |TAMS 0x00000000c0ffffd0, 0x00000000c0f00000| Untracked 
|  16|0x00000000c1000000, 0x00000000c10fffe0, 0x00000000c1100000| 99%| O|  |TAMS 0x00000000c10fffe0, 0x00000000c1000000| Untracked 
|  17|0x00000000c1100000, 0x00000000c11fffe8, 0x00000000c1200000| 99%| O|  |TAMS 0x00000000c11fffe8, 0x00000000c1100000| Untracked 
|  18|0x00000000c1200000, 0x00000000c12ffff0, 0x00000000c1300000| 99%| O|  |TAMS 0x00000000c12ffff0, 0x00000000c1200000| Untracked 
|  19|0x00000000c1300000, 0x00000000c13fffe0, 0x00000000c1400000| 99%| O|  |TAMS 0x00000000c13fffe0, 0x00000000c1300000| Untracked 
|  20|0x00000000c1400000, 0x00000000c14fffe8, 0x00000000c1500000| 99%| O|  |TAMS 0x00000000c14fffe8, 0x00000000c1400000| Untracked 
|  21|0x00000000c1500000, 0x00000000c15ffff8, 0x00000000c1600000| 99%| O|  |TAMS 0x00000000c15ffff8, 0x00000000c1500000| Untracked 
|  22|0x00000000c1600000, 0x00000000c1700000, 0x00000000c1700000|100%| O|  |TAMS 0x00000000c1700000, 0x00000000c1600000| Untracked 
|  23|0x00000000c1700000, 0x00000000c17ffff8, 0x00000000c1800000| 99%| O|  |TAMS 0x00000000c17ffff8, 0x00000000c1700000| Untracked 
|  24|0x00000000c1800000, 0x00000000c181d1c8, 0x00000000c1900000| 11%| O|  |TAMS 0x00000000c1800000, 0x00000000c1800000| Untracked 
|  25|0x00000000c1900000, 0x00000000c1902298, 0x00000000c1a00000|  0%| O|  |TAMS 0x00000000c1900000, 0x00000000c1900000| Untracked 
|  26|0x00000000c1a00000, 0x00000000c1a00000, 0x00000000c1b00000|  0%| F|  |TAMS 0x00000000c1a00000, 0x00000000c1a00000| Untracked 
|  27|0x00000000c1b00000, 0x00000000c1b00000, 0x00000000c1c00000|  0%| F|  |TAMS 0x00000000c1b00000, 0x00000000c1b00000| Untracked 
|  28|0x00000000c1c00000, 0x00000000c1c00000, 0x00000000c1d00000|  0%| F|  |TAMS 0x00000000c1c00000, 0x00000000c1c00000| Untracked 
|  29|0x00000000c1d00000, 0x00000000c1d00000, 0x00000000c1e00000|  0%| F|  |TAMS 0x00000000c1d00000, 0x00000000c1d00000| Untracked 
|  30|0x00000000c1e00000, 0x00000000c1e00000, 0x00000000c1f00000|  0%| F|  |TAMS 0x00000000c1e00000, 0x00000000c1e00000| Untracked 
|  31|0x00000000c1f00000, 0x00000000c1f00000, 0x00000000c2000000|  0%| F|  |TAMS 0x00000000c1f00000, 0x00000000c1f00000| Untracked 
|  32|0x00000000c2000000, 0x00000000c2000000, 0x00000000c2100000|  0%| F|  |TAMS 0x00000000c2000000, 0x00000000c2000000| Untracked 
|  33|0x00000000c2100000, 0x00000000c2100000, 0x00000000c2200000|  0%| F|  |TAMS 0x00000000c2100000, 0x00000000c2100000| Untracked 
|  34|0x00000000c2200000, 0x00000000c2200000, 0x00000000c2300000|  0%| F|  |TAMS 0x00000000c2200000, 0x00000000c2200000| Untracked 
|  35|0x00000000c2300000, 0x00000000c2300000, 0x00000000c2400000|  0%| F|  |TAMS 0x00000000c2300000, 0x00000000c2300000| Untracked 
|  36|0x00000000c2400000, 0x00000000c2400000, 0x00000000c2500000|  0%| F|  |TAMS 0x00000000c2400000, 0x00000000c2400000| Untracked 
|  37|0x00000000c2500000, 0x00000000c2500000, 0x00000000c2600000|  0%| F|  |TAMS 0x00000000c2500000, 0x00000000c2500000| Untracked 
|  38|0x00000000c2600000, 0x00000000c2600000, 0x00000000c2700000|  0%| F|  |TAMS 0x00000000c2600000, 0x00000000c2600000| Untracked 
|  39|0x00000000c2700000, 0x00000000c2700000, 0x00000000c2800000|  0%| F|  |TAMS 0x00000000c2700000, 0x00000000c2700000| Untracked 
|  40|0x00000000c2800000, 0x00000000c2800000, 0x00000000c2900000|  0%| F|  |TAMS 0x00000000c2800000, 0x00000000c2800000| Untracked 
|  41|0x00000000c2900000, 0x00000000c2900000, 0x00000000c2a00000|  0%| F|  |TAMS 0x00000000c2900000, 0x00000000c2900000| Untracked 
|  42|0x00000000c2a00000, 0x00000000c2a00000, 0x00000000c2b00000|  0%| F|  |TAMS 0x00000000c2a00000, 0x00000000c2a00000| Untracked 
|  43|0x00000000c2b00000, 0x00000000c2b00000, 0x00000000c2c00000|  0%| F|  |TAMS 0x00000000c2b00000, 0x00000000c2b00000| Untracked 
|  44|0x00000000c2c00000, 0x00000000c2c00000, 0x00000000c2d00000|  0%| F|  |TAMS 0x00000000c2c00000, 0x00000000c2c00000| Untracked 
|  45|0x00000000c2d00000, 0x00000000c2d00000, 0x00000000c2e00000|  0%| F|  |TAMS 0x00000000c2d00000, 0x00000000c2d00000| Untracked 
|  46|0x00000000c2e00000, 0x00000000c2e00000, 0x00000000c2f00000|  0%| F|  |TAMS 0x00000000c2e00000, 0x00000000c2e00000| Untracked 
|  47|0x00000000c2f00000, 0x00000000c2f00000, 0x00000000c3000000|  0%| F|  |TAMS 0x00000000c2f00000, 0x00000000c2f00000| Untracked 
|  48|0x00000000c3000000, 0x00000000c3000000, 0x00000000c3100000|  0%| F|  |TAMS 0x00000000c3000000, 0x00000000c3000000| Untracked 
|  49|0x00000000c3100000, 0x00000000c3100000, 0x00000000c3200000|  0%| F|  |TAMS 0x00000000c3100000, 0x00000000c3100000| Untracked 
|  50|0x00000000c3200000, 0x00000000c3200000, 0x00000000c3300000|  0%| F|  |TAMS 0x00000000c3200000, 0x00000000c3200000| Untracked 
|  51|0x00000000c3300000, 0x00000000c3300000, 0x00000000c3400000|  0%| F|  |TAMS 0x00000000c3300000, 0x00000000c3300000| Untracked 
|  52|0x00000000c3400000, 0x00000000c3400000, 0x00000000c3500000|  0%| F|  |TAMS 0x00000000c3400000, 0x00000000c3400000| Untracked 
|  53|0x00000000c3500000, 0x00000000c3500000, 0x00000000c3600000|  0%| F|  |TAMS 0x00000000c3500000, 0x00000000c3500000| Untracked 
|  54|0x00000000c3600000, 0x00000000c3600000, 0x00000000c3700000|  0%| F|  |TAMS 0x00000000c3600000, 0x00000000c3600000| Untracked 
|  55|0x00000000c3700000, 0x00000000c3700000, 0x00000000c3800000|  0%| F|  |TAMS 0x00000000c3700000, 0x00000000c3700000| Untracked 
|  56|0x00000000c3800000, 0x00000000c3800000, 0x00000000c3900000|  0%| F|  |TAMS 0x00000000c3800000, 0x00000000c3800000| Untracked 
|  57|0x00000000c3900000, 0x00000000c3900000, 0x00000000c3a00000|  0%| F|  |TAMS 0x00000000c3900000, 0x00000000c3900000| Untracked 
|  58|0x00000000c3a00000, 0x00000000c3a00000, 0x00000000c3b00000|  0%| F|  |TAMS 0x00000000c3a00000, 0x00000000c3a00000| Untracked 
|  59|0x00000000c3b00000, 0x00000000c3b00000, 0x00000000c3c00000|  0%| F|  |TAMS 0x00000000c3b00000, 0x00000000c3b00000| Untracked 
|  60|0x00000000c3c00000, 0x00000000c3c00000, 0x00000000c3d00000|  0%| F|  |TAMS 0x00000000c3c00000, 0x00000000c3c00000| Untracked 
|  61|0x00000000c3d00000, 0x00000000c3d00000, 0x00000000c3e00000|  0%| F|  |TAMS 0x00000000c3d00000, 0x00000000c3d00000| Untracked 
|  62|0x00000000c3e00000, 0x00000000c3e00000, 0x00000000c3f00000|  0%| F|  |TAMS 0x00000000c3e00000, 0x00000000c3e00000| Untracked 
|  63|0x00000000c3f00000, 0x00000000c3f00000, 0x00000000c4000000|  0%| F|  |TAMS 0x00000000c3f00000, 0x00000000c3f00000| Untracked 
|  64|0x00000000c4000000, 0x00000000c4000000, 0x00000000c4100000|  0%| F|  |TAMS 0x00000000c4000000, 0x00000000c4000000| Untracked 
|  65|0x00000000c4100000, 0x00000000c4100000, 0x00000000c4200000|  0%| F|  |TAMS 0x00000000c4100000, 0x00000000c4100000| Untracked 
|  66|0x00000000c4200000, 0x00000000c4200000, 0x00000000c4300000|  0%| F|  |TAMS 0x00000000c4200000, 0x00000000c4200000| Untracked 
|  67|0x00000000c4300000, 0x00000000c4300000, 0x00000000c4400000|  0%| F|  |TAMS 0x00000000c4300000, 0x00000000c4300000| Untracked 
|  68|0x00000000c4400000, 0x00000000c4400000, 0x00000000c4500000|  0%| F|  |TAMS 0x00000000c4400000, 0x00000000c4400000| Untracked 
|  69|0x00000000c4500000, 0x00000000c4500000, 0x00000000c4600000|  0%| F|  |TAMS 0x00000000c4500000, 0x00000000c4500000| Untracked 
|  70|0x00000000c4600000, 0x00000000c4600000, 0x00000000c4700000|  0%| F|  |TAMS 0x00000000c4600000, 0x00000000c4600000| Untracked 
|  71|0x00000000c4700000, 0x00000000c4700000, 0x00000000c4800000|  0%| F|  |TAMS 0x00000000c4700000, 0x00000000c4700000| Untracked 
|  89|0x00000000c5900000, 0x00000000c5900000, 0x00000000c5a00000|  0%| F|  |TAMS 0x00000000c5900000, 0x00000000c5900000| Untracked 
|  90|0x00000000c5a00000, 0x00000000c5a00000, 0x00000000c5b00000|  0%| F|  |TAMS 0x00000000c5a00000, 0x00000000c5a00000| Untracked 
|  91|0x00000000c5b00000, 0x00000000c5b00000, 0x00000000c5c00000|  0%| F|  |TAMS 0x00000000c5b00000, 0x00000000c5b00000| Untracked 
|  92|0x00000000c5c00000, 0x00000000c5c00000, 0x00000000c5d00000|  0%| F|  |TAMS 0x00000000c5c00000, 0x00000000c5c00000| Untracked 
|  95|0x00000000c5f00000, 0x00000000c5f2c390, 0x00000000c6000000| 17%| E|  |TAMS 0x00000000c5f00000, 0x00000000c5f00000| Complete 

Card table byte_map: [0x00000194332c0000,0x00000194334c0000] _byte_map_base: 0x0000019432cc0000

Marking Bits (Prev, Next): (CMBitMap*) 0x000001942d3584c0, (CMBitMap*) 0x000001942d358500
 Prev Bits: [0x00000194336c0000, 0x00000194346c0000)
 Next Bits: [0x00000194346c0000, 0x00000194356c0000)

Polling page: 0x000001942cad0000

Metaspace:

Usage:
  Non-class:     33.32 MB used.
      Class:      5.09 MB used.
       Both:     38.41 MB used.

Virtual space:
  Non-class space:       64.00 MB reserved,      33.69 MB ( 53%) committed,  1 nodes.
      Class space:        1.00 GB reserved,       5.31 MB ( <1%) committed,  1 nodes.
             Both:        1.06 GB reserved,      39.00 MB (  4%) committed. 

Chunk freelists:
   Non-Class:  14.21 MB
       Class:  10.71 MB
        Both:  24.92 MB

MaxMetaspaceSize: unlimited
CompressedClassSpaceSize: 1.00 GB
Initial GC threshold: 21.00 MB
Current GC threshold: 65.00 MB
CDS: off
MetaspaceReclaimPolicy: balanced
 - commit_granule_bytes: 65536.
 - commit_granule_words: 8192.
 - virtual_space_node_default_size: 8388608.
 - enlarge_chunks_in_place: 1.
 - new_chunks_are_fully_committed: 0.
 - uncommit_free_chunks: 1.
 - use_allocation_guard: 0.
 - handle_deallocations: 1.


Internal statistics:

num_allocs_failed_limit: 6.
num_arena_births: 508.
num_arena_deaths: 152.
num_vsnodes_births: 2.
num_vsnodes_deaths: 0.
num_space_committed: 624.
num_space_uncommitted: 0.
num_chunks_returned_to_freelist: 169.
num_chunks_taken_from_freelist: 1684.
num_chunk_merges: 52.
num_chunk_splits: 1169.
num_chunks_enlarged: 890.
num_inconsistent_stats: 0.

CodeCache: size=49152Kb used=6833Kb max_used=7840Kb free=42319Kb
 bounds [0x000001942ffb0000, 0x0000019430760000, 0x0000019432fb0000]
 total_blobs=4239 nmethods=3693 adapters=473
 compilation: enabled
              stopped_count=0, restarted_count=0
 full_count=0

Compilation events (20 events):
Event: 649.924 Thread 0x0000019438189aa0 3683       1       java.util.concurrent.ScheduledThreadPoolExecutor$ScheduledFutureTask::getDelay (16 bytes)
Event: 649.924 Thread 0x0000019438189aa0 nmethod 3683 0x000001943048b710 code [0x000001943048b8a0, 0x000001943048b9c8]
Event: 649.924 Thread 0x0000019438189aa0 3684       1       java.util.concurrent.TimeUnit::convert (77 bytes)
Event: 649.929 Thread 0x0000019438189aa0 nmethod 3684 0x000001943048b110 code [0x000001943048b300, 0x000001943048b588]
Event: 791.804 Thread 0x0000019438189aa0 3686  s    1       java.io.BufferedOutputStream::flush (12 bytes)
Event: 791.831 Thread 0x0000019438189aa0 nmethod 3686 0x000001943048a890 code [0x000001943048aa40, 0x000001943048ac18]
Event: 801.848 Thread 0x0000019438189aa0 3687       1       java.io.FileDescriptor$1::setHandle (6 bytes)
Event: 801.852 Thread 0x0000019438189aa0 nmethod 3687 0x000001943048a510 code [0x000001943048a6a0, 0x000001943048a7e8]
Event: 801.852 Thread 0x0000019438189aa0 3688       1       java.io.FileDescriptor::setHandle (33 bytes)
Event: 801.853 Thread 0x0000019438189aa0 nmethod 3688 0x000001943048a190 code [0x000001943048a320, 0x000001943048a468]
Event: 801.853 Thread 0x0000019438189aa0 3689       1       java.io.FileDescriptor$1::registerCleanup (5 bytes)
Event: 801.853 Thread 0x0000019438189aa0 nmethod 3689 0x0000019430489e90 code [0x000001943048a020, 0x000001943048a108]
Event: 842.762 Thread 0x0000019438189aa0 3690       1       java.lang.invoke.LambdaForm$MH/0x000000010008ec00::invoke (148 bytes)
Event: 842.764 Thread 0x0000019438189aa0 nmethod 3690 0x0000019430489410 code [0x0000019430489640, 0x0000019430489a48]
Event: 844.441 Thread 0x0000019438189aa0 3691       1       java.net.URI$Parser::checkChars (44 bytes)
Event: 844.445 Thread 0x0000019438189aa0 nmethod 3691 0x0000019430488b90 code [0x0000019430488d80, 0x00000194304891a8]
Event: 976.231 Thread 0x0000019438189aa0 3692       1       org.springframework.ide.vscode.commons.languageserver.util.ParentProcessWatcher::isWindows (30 bytes)
Event: 976.241 Thread 0x0000019438189aa0 nmethod 3692 0x0000019430488390 code [0x00000194304885c0, 0x0000019430488948]
Event: 976.503 Thread 0x0000019438189aa0 3693   !   1       com.google.common.io.Closeables::close (37 bytes)
Event: 976.564 Thread 0x0000019438189aa0 nmethod 3693 0x0000019430487c10 code [0x0000019430487e00, 0x0000019430488138]

GC Heap History (20 events):
Event: 883.323 GC heap before
{Heap before GC invocations=85 (full 76):
 garbage-first heap   total 78848K, used 24681K [0x00000000c0000000, 0x0000000100000000)
  region size 1024K, 1 young (1024K), 0 survivors (0K)
 Metaspace       used 39331K, committed 39936K, reserved 1114112K
  class space    used 5209K, committed 5440K, reserved 1048576K
}
Event: 883.357 GC heap after
{Heap after GC invocations=86 (full 77):
 garbage-first heap   total 78848K, used 24682K [0x00000000c0000000, 0x0000000100000000)
  region size 1024K, 0 young (0K), 0 survivors (0K)
 Metaspace       used 39331K, committed 39936K, reserved 1114112K
  class space    used 5209K, committed 5440K, reserved 1048576K
}
Event: 893.544 GC heap before
{Heap before GC invocations=86 (full 77):
 garbage-first heap   total 78848K, used 24682K [0x00000000c0000000, 0x0000000100000000)
  region size 1024K, 1 young (1024K), 0 survivors (0K)
 Metaspace       used 39331K, committed 39936K, reserved 1114112K
  class space    used 5209K, committed 5440K, reserved 1048576K
}
Event: 893.575 GC heap after
{Heap after GC invocations=87 (full 78):
 garbage-first heap   total 78848K, used 24682K [0x00000000c0000000, 0x0000000100000000)
  region size 1024K, 0 young (0K), 0 survivors (0K)
 Metaspace       used 39331K, committed 39936K, reserved 1114112K
  class space    used 5209K, committed 5440K, reserved 1048576K
}
Event: 904.175 GC heap before
{Heap before GC invocations=87 (full 78):
 garbage-first heap   total 78848K, used 24682K [0x00000000c0000000, 0x0000000100000000)
  region size 1024K, 1 young (1024K), 0 survivors (0K)
 Metaspace       used 39331K, committed 39936K, reserved 1114112K
  class space    used 5209K, committed 5440K, reserved 1048576K
}
Event: 904.217 GC heap after
{Heap after GC invocations=88 (full 79):
 garbage-first heap   total 78848K, used 24682K [0x00000000c0000000, 0x0000000100000000)
  region size 1024K, 0 young (0K), 0 survivors (0K)
 Metaspace       used 39331K, committed 39936K, reserved 1114112K
  class space    used 5209K, committed 5440K, reserved 1048576K
}
Event: 914.439 GC heap before
{Heap before GC invocations=88 (full 79):
 garbage-first heap   total 78848K, used 24682K [0x00000000c0000000, 0x0000000100000000)
  region size 1024K, 1 young (1024K), 0 survivors (0K)
 Metaspace       used 39331K, committed 39936K, reserved 1114112K
  class space    used 5209K, committed 5440K, reserved 1048576K
}
Event: 914.470 GC heap after
{Heap after GC invocations=89 (full 80):
 garbage-first heap   total 78848K, used 24681K [0x00000000c0000000, 0x0000000100000000)
  region size 1024K, 0 young (0K), 0 survivors (0K)
 Metaspace       used 39331K, committed 39936K, reserved 1114112K
  class space    used 5209K, committed 5440K, reserved 1048576K
}
Event: 924.846 GC heap before
{Heap before GC invocations=89 (full 80):
 garbage-first heap   total 78848K, used 24681K [0x00000000c0000000, 0x0000000100000000)
  region size 1024K, 1 young (1024K), 0 survivors (0K)
 Metaspace       used 39331K, committed 39936K, reserved 1114112K
  class space    used 5209K, committed 5440K, reserved 1048576K
}
Event: 924.881 GC heap after
{Heap after GC invocations=90 (full 81):
 garbage-first heap   total 78848K, used 24681K [0x00000000c0000000, 0x0000000100000000)
  region size 1024K, 0 young (0K), 0 survivors (0K)
 Metaspace       used 39331K, committed 39936K, reserved 1114112K
  class space    used 5209K, committed 5440K, reserved 1048576K
}
Event: 935.415 GC heap before
{Heap before GC invocations=90 (full 81):
 garbage-first heap   total 78848K, used 24681K [0x00000000c0000000, 0x0000000100000000)
  region size 1024K, 1 young (1024K), 0 survivors (0K)
 Metaspace       used 39331K, committed 39936K, reserved 1114112K
  class space    used 5209K, committed 5440K, reserved 1048576K
}
Event: 935.449 GC heap after
{Heap after GC invocations=91 (full 82):
 garbage-first heap   total 78848K, used 24681K [0x00000000c0000000, 0x0000000100000000)
  region size 1024K, 0 young (0K), 0 survivors (0K)
 Metaspace       used 39331K, committed 39936K, reserved 1114112K
  class space    used 5209K, committed 5440K, reserved 1048576K
}
Event: 945.681 GC heap before
{Heap before GC invocations=91 (full 82):
 garbage-first heap   total 78848K, used 24681K [0x00000000c0000000, 0x0000000100000000)
  region size 1024K, 1 young (1024K), 0 survivors (0K)
 Metaspace       used 39331K, committed 39936K, reserved 1114112K
  class space    used 5209K, committed 5440K, reserved 1048576K
}
Event: 945.708 GC heap after
{Heap after GC invocations=92 (full 83):
 garbage-first heap   total 78848K, used 24681K [0x00000000c0000000, 0x0000000100000000)
  region size 1024K, 0 young (0K), 0 survivors (0K)
 Metaspace       used 39331K, committed 39936K, reserved 1114112K
  class space    used 5209K, committed 5440K, reserved 1048576K
}
Event: 955.993 GC heap before
{Heap before GC invocations=92 (full 83):
 garbage-first heap   total 78848K, used 24681K [0x00000000c0000000, 0x0000000100000000)
  region size 1024K, 1 young (1024K), 0 survivors (0K)
 Metaspace       used 39331K, committed 39936K, reserved 1114112K
  class space    used 5209K, committed 5440K, reserved 1048576K
}
Event: 956.020 GC heap after
{Heap after GC invocations=93 (full 84):
 garbage-first heap   total 78848K, used 24681K [0x00000000c0000000, 0x0000000100000000)
  region size 1024K, 0 young (0K), 0 survivors (0K)
 Metaspace       used 39331K, committed 39936K, reserved 1114112K
  class space    used 5209K, committed 5440K, reserved 1048576K
}
Event: 966.203 GC heap before
{Heap before GC invocations=93 (full 84):
 garbage-first heap   total 78848K, used 24681K [0x00000000c0000000, 0x0000000100000000)
  region size 1024K, 1 young (1024K), 0 survivors (0K)
 Metaspace       used 39331K, committed 39936K, reserved 1114112K
  class space    used 5209K, committed 5440K, reserved 1048576K
}
Event: 966.225 GC heap after
{Heap after GC invocations=94 (full 85):
 garbage-first heap   total 78848K, used 24681K [0x00000000c0000000, 0x0000000100000000)
  region size 1024K, 0 young (0K), 0 survivors (0K)
 Metaspace       used 39331K, committed 39936K, reserved 1114112K
  class space    used 5209K, committed 5440K, reserved 1048576K
}
Event: 976.511 GC heap before
{Heap before GC invocations=94 (full 85):
 garbage-first heap   total 78848K, used 24681K [0x00000000c0000000, 0x0000000100000000)
  region size 1024K, 1 young (1024K), 0 survivors (0K)
 Metaspace       used 39331K, committed 39936K, reserved 1114112K
  class space    used 5209K, committed 5440K, reserved 1048576K
}
Event: 976.545 GC heap after
{Heap after GC invocations=95 (full 86):
 garbage-first heap   total 78848K, used 24681K [0x00000000c0000000, 0x0000000100000000)
  region size 1024K, 0 young (0K), 0 survivors (0K)
 Metaspace       used 39331K, committed 39936K, reserved 1114112K
  class space    used 5209K, committed 5440K, reserved 1048576K
}

Dll operation events (8 events):
Event: 0.010 Loaded shared library c:\Users\Dell\.vscode\extensions\redhat.java-1.31.0-win32-x64\jre\17.0.11-win32-x86_64\bin\java.dll
Event: 0.418 Loaded shared library C:\Users\Dell\.vscode\extensions\redhat.java-1.31.0-win32-x64\jre\17.0.11-win32-x86_64\bin\net.dll
Event: 0.422 Loaded shared library C:\Users\Dell\.vscode\extensions\redhat.java-1.31.0-win32-x64\jre\17.0.11-win32-x86_64\bin\nio.dll
Event: 1.040 Loaded shared library C:\Users\Dell\.vscode\extensions\redhat.java-1.31.0-win32-x64\jre\17.0.11-win32-x86_64\bin\zip.dll
Event: 10.875 Loaded shared library C:\Users\Dell\.vscode\extensions\redhat.java-1.31.0-win32-x64\jre\17.0.11-win32-x86_64\bin\jimage.dll
Event: 13.736 Loaded shared library c:\Users\Dell\.vscode\extensions\redhat.java-1.31.0-win32-x64\jre\17.0.11-win32-x86_64\bin\verify.dll
Event: 20.163 Loaded shared library C:\Users\Dell\.vscode\extensions\redhat.java-1.31.0-win32-x64\jre\17.0.11-win32-x86_64\bin\management.dll
Event: 20.165 Loaded shared library C:\Users\Dell\.vscode\extensions\redhat.java-1.31.0-win32-x64\jre\17.0.11-win32-x86_64\bin\management_ext.dll

Deoptimization events (6 events):
Event: 20.623 Thread 0x000001943db515c0 DEOPT PACKING pc=0x00000194304eb501 sp=0x00000022d20fd9f0
Event: 20.623 Thread 0x000001943db515c0 DEOPT UNPACKING pc=0x0000019430007143 sp=0x00000022d20fce80 mode 3
Event: 20.659 Thread 0x000001943dc3dbf0 DEOPT PACKING pc=0x00000194304cab97 sp=0x00000022d21fec30
Event: 20.659 Thread 0x000001943dc3dbf0 DEOPT UNPACKING pc=0x0000019430007143 sp=0x00000022d21fe088 mode 3
Event: 844.351 Thread 0x000001943db515c0 DEOPT PACKING pc=0x00000194305bfcd4 sp=0x00000022d20fecf0
Event: 844.352 Thread 0x000001943db515c0 DEOPT UNPACKING pc=0x0000019430007143 sp=0x00000022d20fe198 mode 0

Classes unloaded (20 events):
Event: 81.053 Thread 0x000001943812fbc0 Unloading class 0x0000000100094800 'java/lang/invoke/LambdaForm$MH+0x0000000100094800'
Event: 81.053 Thread 0x000001943812fbc0 Unloading class 0x0000000100094400 'java/lang/invoke/LambdaForm$MH+0x0000000100094400'
Event: 81.053 Thread 0x000001943812fbc0 Unloading class 0x000000010008e800 'java/lang/invoke/LambdaForm$MH+0x000000010008e800'
Event: 81.053 Thread 0x000001943812fbc0 Unloading class 0x000000010008e400 'java/lang/invoke/LambdaForm$MH+0x000000010008e400'
Event: 81.053 Thread 0x000001943812fbc0 Unloading class 0x000000010008e000 'java/lang/invoke/LambdaForm$MH+0x000000010008e000'
Event: 81.053 Thread 0x000001943812fbc0 Unloading class 0x000000010008dc00 'java/lang/invoke/LambdaForm$MH+0x000000010008dc00'
Event: 81.053 Thread 0x000001943812fbc0 Unloading class 0x000000010008d800 'java/lang/invoke/LambdaForm$MH+0x000000010008d800'
Event: 81.053 Thread 0x000001943812fbc0 Unloading class 0x000000010008d400 'java/lang/invoke/LambdaForm$MH+0x000000010008d400'
Event: 81.053 Thread 0x000001943812fbc0 Unloading class 0x000000010008cc00 'java/lang/invoke/LambdaForm$MH+0x000000010008cc00'
Event: 81.053 Thread 0x000001943812fbc0 Unloading class 0x000000010008c800 'java/lang/invoke/LambdaForm$MH+0x000000010008c800'
Event: 81.053 Thread 0x000001943812fbc0 Unloading class 0x000000010008c000 'java/lang/invoke/LambdaForm$MH+0x000000010008c000'
Event: 81.053 Thread 0x000001943812fbc0 Unloading class 0x000000010008bc00 'java/lang/invoke/LambdaForm$MH+0x000000010008bc00'
Event: 81.053 Thread 0x000001943812fbc0 Unloading class 0x000000010008ac00 'java/lang/invoke/LambdaForm$MH+0x000000010008ac00'
Event: 81.053 Thread 0x000001943812fbc0 Unloading class 0x000000010008a400 'java/lang/invoke/LambdaForm$MH+0x000000010008a400'
Event: 81.053 Thread 0x000001943812fbc0 Unloading class 0x000000010008a000 'java/lang/invoke/LambdaForm$MH+0x000000010008a000'
Event: 81.053 Thread 0x000001943812fbc0 Unloading class 0x0000000100089c00 'java/lang/invoke/LambdaForm$MH+0x0000000100089c00'
Event: 81.053 Thread 0x000001943812fbc0 Unloading class 0x0000000100089800 'java/lang/invoke/LambdaForm$MH+0x0000000100089800'
Event: 81.053 Thread 0x000001943812fbc0 Unloading class 0x0000000100089400 'java/lang/invoke/LambdaForm$MH+0x0000000100089400'
Event: 81.053 Thread 0x000001943812fbc0 Unloading class 0x0000000100088c00 'java/lang/invoke/LambdaForm$MH+0x0000000100088c00'
Event: 81.053 Thread 0x000001943812fbc0 Unloading class 0x0000000100088400 'java/lang/invoke/LambdaForm$MH+0x0000000100088400'

Classes redefined (0 events):
No events

Internal exceptions (20 events):
Event: 16.357 Thread 0x000001942d31c7c0 Exception <a 'java/lang/NoSuchMethodError'{0x00000000c427aa58}: 'java.lang.Object java.lang.invoke.DirectMethodHandle$Holder.invokeSpecial(java.lang.Object, java.lang.Object, int, java.lang.Object, java.lang.Object)'> (0x00000000c427aa58) 
thrown [s\src\hotspot\share\interpreter\linkResolver.cpp, line 759]
Event: 16.358 Thread 0x000001942d31c7c0 Exception <a 'java/lang/NoSuchMethodError'{0x00000000c427e700}: 'java.lang.Object java.lang.invoke.DelegatingMethodHandle$Holder.delegate(java.lang.Object, int, java.lang.Object, java.lang.Object)'> (0x00000000c427e700) 
thrown [s\src\hotspot\share\interpreter\linkResolver.cpp, line 759]
Event: 16.360 Thread 0x000001942d31c7c0 Exception <a 'java/lang/NoSuchMethodError'{0x00000000c428f588}: 'int java.lang.invoke.Invokers$Holder.linkToTargetMethod(java.lang.Object, java.lang.Object, java.lang.Object)'> (0x00000000c428f588) 
thrown [s\src\hotspot\share\interpreter\linkResolver.cpp, line 759]
Event: 16.537 Thread 0x000001942d31c7c0 Exception <a 'java/lang/NoSuchMethodError'{0x00000000c3d3faa8}: 'java.lang.Object java.lang.invoke.DirectMethodHandle$Holder.invokeStaticInit(java.lang.Object, int, int, int, int)'> (0x00000000c3d3faa8) 
thrown [s\src\hotspot\share\interpreter\linkResolver.cpp, line 759]
Event: 16.602 Thread 0x000001942d31c7c0 Exception <a 'java/lang/NoSuchMethodError'{0x00000000c3d92bf8}: 'java.lang.Object java.lang.invoke.DirectMethodHandle$Holder.invokeStaticInit(java.lang.Object, java.lang.Object, int, int, int, int)'> (0x00000000c3d92bf8) 
thrown [s\src\hotspot\share\interpreter\linkResolver.cpp, line 759]
Event: 16.939 Thread 0x000001942d31c7c0 Exception <a 'java/lang/NoSuchMethodError'{0x00000000c341d338}: 'void java.lang.invoke.DirectMethodHandle$Holder.invokeSpecialIFC(java.lang.Object, java.lang.Object, java.lang.Object)'> (0x00000000c341d338) 
thrown [s\src\hotspot\share\interpreter\linkResolver.cpp, line 759]
Event: 18.444 Thread 0x000001942d31c7c0 Exception <a 'java/lang/NoSuchMethodError'{0x00000000c3fb57d0}: 'int java.lang.invoke.DirectMethodHandle$Holder.invokeStaticInit(java.lang.Object, java.lang.Object, int, java.lang.Object)'> (0x00000000c3fb57d0) 
thrown [s\src\hotspot\share\interpreter\linkResolver.cpp, line 759]
Event: 18.708 Thread 0x000001942d31c7c0 Exception <a 'java/lang/NoSuchMethodError'{0x00000000c3ed9f80}: 'void java.lang.invoke.DirectMethodHandle$Holder.invokeSpecial(java.lang.Object, java.lang.Object, java.lang.Object, java.lang.Object, java.lang.Object, java.lang.Object, java.lang.Object)'> (0x00000000c3ed9f80) 
thrown [s\src\hotspot\share\interpreter\linkResolver.cpp, line 759]
Event: 19.692 Thread 0x000001942d31c7c0 Exception <a 'java/lang/NoSuchMethodError'{0x00000000c3802088}: 'java.lang.Object java.lang.invoke.DirectMethodHandle$Holder.invokeInterface(java.lang.Object, java.lang.Object, int)'> (0x00000000c3802088) 
thrown [s\src\hotspot\share\interpreter\linkResolver.cpp, line 759]
Event: 19.695 Thread 0x000001942d31c7c0 Exception <a 'java/lang/IncompatibleClassChangeError'{0x00000000c3818e10}: Found class java.lang.Object, but interface was expected> (0x00000000c3818e10) 
thrown [s\src\hotspot\share\interpreter\linkResolver.cpp, line 826]
Event: 20.154 Thread 0x000001942d31c7c0 Exception <a 'java/lang/NoSuchMethodError'{0x00000000c5937a40}: 'java.lang.Object java.lang.invoke.DirectMethodHandle$Holder.newInvokeSpecial(java.lang.Object, java.lang.Object, int, java.lang.Object, java.lang.Object)'> (0x00000000c5937a40) 
thrown [s\src\hotspot\share\interpreter\linkResolver.cpp, line 759]
Event: 20.155 Thread 0x000001942d31c7c0 Exception <a 'java/lang/NoSuchMethodError'{0x00000000c594b138}: 'java.lang.Object java.lang.invoke.DirectMethodHandle$Holder.invokeSpecial(java.lang.Object, java.lang.Object, int, java.lang.Object, int, java.lang.Object)'> (0x00000000c594b138) 
thrown [s\src\hotspot\share\interpreter\linkResolver.cpp, line 759]
Event: 20.156 Thread 0x000001942d31c7c0 Exception <a 'java/lang/NoSuchMethodError'{0x00000000c5952f40}: 'java.lang.Object java.lang.invoke.DirectMethodHandle$Holder.newInvokeSpecial(java.lang.Object, java.lang.Object, int, java.lang.Object, int)'> (0x00000000c5952f40) 
thrown [s\src\hotspot\share\interpreter\linkResolver.cpp, line 759]
Event: 20.156 Thread 0x000001942d31c7c0 Exception <a 'java/lang/NoSuchMethodError'{0x00000000c5957040}: 'java.lang.Object java.lang.invoke.DirectMethodHandle$Holder.invokeSpecial(java.lang.Object, java.lang.Object, java.lang.Object, int, java.lang.Object, int)'> (0x00000000c5957040) 
thrown [s\src\hotspot\share\interpreter\linkResolver.cpp, line 759]
Event: 20.609 Thread 0x000001943dc3dbf0 Exception <a 'java/lang/NoSuchMethodError'{0x00000000c3ef7b20}: 'java.lang.Object java.lang.invoke.DirectMethodHandle$Holder.invokeStatic(java.lang.Object, int, java.lang.Object)'> (0x00000000c3ef7b20) 
thrown [s\src\hotspot\share\interpreter\linkResolver.cpp, line 759]
Event: 29.582 Thread 0x000001943db515c0 Exception <a 'java/lang/NoSuchMethodError'{0x00000000c3c45f20}: 'java.lang.Object java.lang.invoke.DirectMethodHandle$Holder.invokeStatic(java.lang.Object, java.lang.Object, java.lang.Object, int, java.lang.Object, java.lang.Object)'> (0x00000000c3c45f20) 
thrown [s\src\hotspot\share\interpreter\linkResolver.cpp, line 759]
Event: 30.732 Thread 0x000001943dc5b860 Exception <a 'java/lang/NoSuchMethodError'{0x00000000c33b9350}: 'int java.lang.invoke.DirectMethodHandle$Holder.invokeStatic(java.lang.Object)'> (0x00000000c33b9350) 
thrown [s\src\hotspot\share\interpreter\linkResolver.cpp, line 759]
Event: 30.732 Thread 0x000001943dc5b860 Exception <a 'java/lang/NoSuchMethodError'{0x00000000c33bc750}: 'int java.lang.invoke.DirectMethodHandle$Holder.invokeStaticInit(java.lang.Object)'> (0x00000000c33bc750) 
thrown [s\src\hotspot\share\interpreter\linkResolver.cpp, line 759]
Event: 70.227 Thread 0x000001943db61fd0 Exception <a 'java/lang/NoSuchMethodError'{0x00000000c3201b18}: 'void java.lang.invoke.DirectMethodHandle$Holder.invokeStatic(java.lang.Object, long)'> (0x00000000c3201b18) 
thrown [s\src\hotspot\share\interpreter\linkResolver.cpp, line 759]
Event: 70.227 Thread 0x000001943db61fd0 Exception <a 'java/lang/NoSuchMethodError'{0x00000000c3206ec0}: 'java.lang.Object java.lang.invoke.DirectMethodHandle$Holder.newInvokeSpecial(java.lang.Object, long)'> (0x00000000c3206ec0) 
thrown [s\src\hotspot\share\interpreter\linkResolver.cpp, line 759]

VM Operations (20 events):
Event: 883.357 Executing VM operation: G1CollectFull done
Event: 893.544 Executing VM operation: G1CollectFull
Event: 893.575 Executing VM operation: G1CollectFull done
Event: 904.175 Executing VM operation: G1CollectFull
Event: 904.217 Executing VM operation: G1CollectFull done
Event: 914.439 Executing VM operation: G1CollectFull
Event: 914.470 Executing VM operation: G1CollectFull done
Event: 924.846 Executing VM operation: G1CollectFull
Event: 924.881 Executing VM operation: G1CollectFull done
Event: 935.415 Executing VM operation: G1CollectFull
Event: 935.449 Executing VM operation: G1CollectFull done
Event: 945.681 Executing VM operation: G1CollectFull
Event: 945.708 Executing VM operation: G1CollectFull done
Event: 955.992 Executing VM operation: G1CollectFull
Event: 956.020 Executing VM operation: G1CollectFull done
Event: 966.203 Executing VM operation: G1CollectFull
Event: 966.225 Executing VM operation: G1CollectFull done
Event: 976.503 Executing VM operation: G1CollectFull
Event: 976.545 Executing VM operation: G1CollectFull done
Event: 986.645 Executing VM operation: G1CollectFull

Events (20 events):
Event: 30.738 loading class java/util/concurrent/atomic/AtomicLongFieldUpdater$CASUpdater$1 done
Event: 70.214 loading class java/lang/ProcessBuilder
Event: 70.215 loading class java/lang/ProcessBuilder done
Event: 70.215 loading class java/lang/ProcessImpl
Event: 70.215 loading class java/lang/ProcessImpl done
Event: 70.228 loading class java/lang/ProcessImpl$2
Event: 70.228 loading class java/lang/ProcessImpl$2 done
Event: 70.228 loading class java/lang/Process$PipeInputStream
Event: 70.228 loading class java/lang/Process$PipeInputStream done
Event: 70.229 loading class jdk/internal/event/ProcessStartEvent
Event: 70.229 loading class jdk/internal/event/ProcessStartEvent done
Event: 70.432 loading class java/io/FileOutputStream$1
Event: 70.432 loading class java/io/FileOutputStream$1 done
Event: 82.658 Thread 0x000001943dc58fe0 Thread exited: 0x000001943dc58fe0
Event: 83.667 Thread 0x000001943dc53820 Thread exited: 0x000001943dc53820
Event: 83.667 Thread 0x000001943dc55970 Thread exited: 0x000001943dc55970
Event: 91.051 Thread 0x000001943dc5b350 Thread exited: 0x000001943dc5b350
Event: 96.406 Thread 0x000001943dc5a930 Thread exited: 0x000001943dc5a930
Event: 844.388 Thread 0x000001943dc5a420 Thread added: 0x000001943dc5a420
Event: 904.490 Thread 0x000001943dc5a420 Thread exited: 0x000001943dc5a420


Dynamic libraries:
0x00007ff7627d0000 - 0x00007ff7627de000 	c:\Users\Dell\.vscode\extensions\redhat.java-1.31.0-win32-x64\jre\17.0.11-win32-x86_64\bin\java.exe
0x00007ffa21a10000 - 0x00007ffa21c08000 	C:\WINDOWS\SYSTEM32\ntdll.dll
0x00007ffa20b60000 - 0x00007ffa20c1d000 	C:\WINDOWS\System32\KERNEL32.DLL
0x00007ffa1f4d0000 - 0x00007ffa1f7c6000 	C:\WINDOWS\System32\KERNELBASE.dll
0x00007ffa1f900000 - 0x00007ffa1fa00000 	C:\WINDOWS\System32\ucrtbase.dll
0x00007ff9f1720000 - 0x00007ff9f173b000 	c:\Users\Dell\.vscode\extensions\redhat.java-1.31.0-win32-x64\jre\17.0.11-win32-x86_64\bin\VCRUNTIME140.dll
0x00007ffa0a420000 - 0x00007ffa0a437000 	c:\Users\Dell\.vscode\extensions\redhat.java-1.31.0-win32-x64\jre\17.0.11-win32-x86_64\bin\jli.dll
0x00007ffa209c0000 - 0x00007ffa20b5f000 	C:\WINDOWS\System32\USER32.dll
0x00007ffa1f260000 - 0x00007ffa1f282000 	C:\WINDOWS\System32\win32u.dll
0x00007ffa0e8b0000 - 0x00007ffa0eb4a000 	C:\WINDOWS\WinSxS\amd64_microsoft.windows.common-controls_6595b64144ccf1df_6.0.19041.4355_none_60b8b9eb71f62e16\COMCTL32.dll
0x00007ffa1fa50000 - 0x00007ffa1fa7b000 	C:\WINDOWS\System32\GDI32.dll
0x00007ffa1f300000 - 0x00007ffa1f417000 	C:\WINDOWS\System32\gdi32full.dll
0x00007ffa1f7d0000 - 0x00007ffa1f86d000 	C:\WINDOWS\System32\msvcp_win.dll
0x00007ffa1fbd0000 - 0x00007ffa1fc6e000 	C:\WINDOWS\System32\msvcrt.dll
0x00007ffa20c20000 - 0x00007ffa20c4f000 	C:\WINDOWS\System32\IMM32.DLL
0x00007ffa1c150000 - 0x00007ffa1c15c000 	c:\Users\Dell\.vscode\extensions\redhat.java-1.31.0-win32-x64\jre\17.0.11-win32-x86_64\bin\vcruntime140_1.dll
0x00007ff9d6a80000 - 0x00007ff9d6b0d000 	c:\Users\Dell\.vscode\extensions\redhat.java-1.31.0-win32-x64\jre\17.0.11-win32-x86_64\bin\msvcp140.dll
0x00007ff9c2590000 - 0x00007ff9c31f2000 	c:\Users\Dell\.vscode\extensions\redhat.java-1.31.0-win32-x64\jre\17.0.11-win32-x86_64\bin\server\jvm.dll
0x00007ffa20540000 - 0x00007ffa205f0000 	C:\WINDOWS\System32\ADVAPI32.dll
0x00007ffa208b0000 - 0x00007ffa20950000 	C:\WINDOWS\System32\sechost.dll
0x00007ffa205f0000 - 0x00007ffa20713000 	C:\WINDOWS\System32\RPCRT4.dll
0x00007ffa1f230000 - 0x00007ffa1f257000 	C:\WINDOWS\System32\bcrypt.dll
0x00007ffa17ca0000 - 0x00007ffa17ca9000 	C:\WINDOWS\SYSTEM32\WSOCK32.dll
0x00007ffa20440000 - 0x00007ffa204ab000 	C:\WINDOWS\System32\WS2_32.dll
0x00007ffa1afc0000 - 0x00007ffa1afe7000 	C:\WINDOWS\SYSTEM32\WINMM.dll
0x00007ffa1ef20000 - 0x00007ffa1ef6b000 	C:\WINDOWS\SYSTEM32\POWRPROF.dll
0x00007ffa16890000 - 0x00007ffa1689a000 	C:\WINDOWS\SYSTEM32\VERSION.dll
0x00007ffa1ef00000 - 0x00007ffa1ef12000 	C:\WINDOWS\SYSTEM32\UMPDC.dll
0x00007ffa1d8e0000 - 0x00007ffa1d8f2000 	C:\WINDOWS\SYSTEM32\kernel.appcore.dll
0x00007ffa133f0000 - 0x00007ffa133fa000 	c:\Users\Dell\.vscode\extensions\redhat.java-1.31.0-win32-x64\jre\17.0.11-win32-x86_64\bin\jimage.dll
0x00007ffa1d5a0000 - 0x00007ffa1d784000 	C:\WINDOWS\SYSTEM32\DBGHELP.DLL
0x00007ffa1aef0000 - 0x00007ffa1af24000 	C:\WINDOWS\SYSTEM32\dbgcore.DLL
0x00007ffa1f870000 - 0x00007ffa1f8f2000 	C:\WINDOWS\System32\bcryptPrimitives.dll
0x00007ff9da240000 - 0x00007ff9da265000 	c:\Users\Dell\.vscode\extensions\redhat.java-1.31.0-win32-x64\jre\17.0.11-win32-x86_64\bin\java.dll
0x00007ff9f1410000 - 0x00007ff9f1428000 	c:\Users\Dell\.vscode\extensions\redhat.java-1.31.0-win32-x64\jre\17.0.11-win32-x86_64\bin\zip.dll
0x00007ffa21260000 - 0x00007ffa219cc000 	C:\WINDOWS\System32\SHELL32.dll
0x00007ffa1ccd0000 - 0x00007ffa1d46d000 	C:\WINDOWS\SYSTEM32\windows.storage.dll
0x00007ffa1ffb0000 - 0x00007ffa20303000 	C:\WINDOWS\System32\combase.dll
0x00007ffa1ea80000 - 0x00007ffa1eaae000 	C:\WINDOWS\SYSTEM32\Wldp.dll
0x00007ffa20310000 - 0x00007ffa203dd000 	C:\WINDOWS\System32\OLEAUT32.dll
0x00007ffa1fb00000 - 0x00007ffa1fbad000 	C:\WINDOWS\System32\SHCORE.dll
0x00007ffa20720000 - 0x00007ffa20775000 	C:\WINDOWS\System32\shlwapi.dll
0x00007ffa1f000000 - 0x00007ffa1f024000 	C:\WINDOWS\SYSTEM32\profapi.dll
0x00007ff9f1370000 - 0x00007ff9f1389000 	C:\Users\Dell\.vscode\extensions\redhat.java-1.31.0-win32-x64\jre\17.0.11-win32-x86_64\bin\net.dll
0x00007ffa1b730000 - 0x00007ffa1b83a000 	C:\WINDOWS\SYSTEM32\WINHTTP.dll
0x00007ffa1e780000 - 0x00007ffa1e7ea000 	C:\WINDOWS\system32\mswsock.dll
0x00007ff9f12e0000 - 0x00007ff9f12f6000 	C:\Users\Dell\.vscode\extensions\redhat.java-1.31.0-win32-x64\jre\17.0.11-win32-x86_64\bin\nio.dll
0x00007ffa12de0000 - 0x00007ffa12df0000 	c:\Users\Dell\.vscode\extensions\redhat.java-1.31.0-win32-x64\jre\17.0.11-win32-x86_64\bin\verify.dll
0x00007ffa1e980000 - 0x00007ffa1e998000 	C:\WINDOWS\SYSTEM32\CRYPTSP.dll
0x00007ffa1e0a0000 - 0x00007ffa1e0d4000 	C:\WINDOWS\system32\rsaenh.dll
0x00007ffa1efb0000 - 0x00007ffa1efde000 	C:\WINDOWS\SYSTEM32\USERENV.dll
0x00007ffa1e970000 - 0x00007ffa1e97c000 	C:\WINDOWS\SYSTEM32\CRYPTBASE.dll
0x00007ffa1e460000 - 0x00007ffa1e49b000 	C:\WINDOWS\SYSTEM32\IPHLPAPI.DLL
0x00007ffa1ff40000 - 0x00007ffa1ff48000 	C:\WINDOWS\System32\NSI.dll
0x00007ffa17960000 - 0x00007ffa17977000 	C:\WINDOWS\SYSTEM32\dhcpcsvc6.DLL
0x00007ffa18240000 - 0x00007ffa1825d000 	C:\WINDOWS\SYSTEM32\dhcpcsvc.DLL
0x00007ffa1e4a0000 - 0x00007ffa1e56a000 	C:\WINDOWS\SYSTEM32\DNSAPI.dll
0x00007ffa180f0000 - 0x00007ffa180f9000 	C:\Users\Dell\.vscode\extensions\redhat.java-1.31.0-win32-x64\jre\17.0.11-win32-x86_64\bin\management.dll
0x00007ffa0f450000 - 0x00007ffa0f45b000 	C:\Users\Dell\.vscode\extensions\redhat.java-1.31.0-win32-x64\jre\17.0.11-win32-x86_64\bin\management_ext.dll
0x00007ffa20950000 - 0x00007ffa20958000 	C:\WINDOWS\System32\PSAPI.DLL

dbghelp: loaded successfully - version: 4.0.5 - missing functions: none
symbol engine: initialized successfully - sym options: 0x614 - pdb path: .;c:\Users\Dell\.vscode\extensions\redhat.java-1.31.0-win32-x64\jre\17.0.11-win32-x86_64\bin;C:\WINDOWS\SYSTEM32;C:\WINDOWS\WinSxS\amd64_microsoft.windows.common-controls_6595b64144ccf1df_6.0.19041.4355_none_60b8b9eb71f62e16;c:\Users\Dell\.vscode\extensions\redhat.java-1.31.0-win32-x64\jre\17.0.11-win32-x86_64\bin\server

VM Arguments:
jvm_args: -Xmx1024m -Dsts.lsp.client=vscode -Dsts.log.file=/dev/null -XX:TieredStopAtLevel=1 -Xlog:jni+resolve=off -Dspring.config.location=file:c:\Users\Dell\.vscode\extensions\vmware.vscode-spring-boot-1.55.1\language-server\BOOT-INF\classes\application.properties 
java_command: org.springframework.ide.vscode.boot.app.BootLanguageServerBootApp
java_class_path (initial): c:\Users\Dell\.vscode\extensions\vmware.vscode-spring-boot-1.55.1\language-server\BOOT-INF\classes;c:\Users\Dell\.vscode\extensions\vmware.vscode-spring-boot-1.55.1\language-server\BOOT-INF\lib\annotations-24.1.0.jar;c:\Users\Dell\.vscode\extensions\vmware.vscode-spring-boot-1.55.1\language-server\BOOT-INF\lib\antlr4-runtime-4.13.1.jar;c:\Users\Dell\.vscode\extensions\vmware.vscode-spring-boot-1.55.1\language-server\BOOT-INF\lib\asm-9.7.jar;c:\Users\Dell\.vscode\extensions\vmware.vscode-spring-boot-1.55.1\language-server\BOOT-INF\lib\asm-analysis-9.7.jar;c:\Users\Dell\.vscode\extensions\vmware.vscode-spring-boot-1.55.1\language-server\BOOT-INF\lib\asm-tree-9.7.jar;c:\Users\Dell\.vscode\extensions\vmware.vscode-spring-boot-1.55.1\language-server\BOOT-INF\lib\asm-util-9.7.jar;c:\Users\Dell\.vscode\extensions\vmware.vscode-spring-boot-1.55.1\language-server\BOOT-INF\lib\caffeine-3.1.8.jar;c:\Users\Dell\.vscode\extensions\vmware.vscode-spring-boot-1.55.1\language-server\BOOT-INF\lib\checker-qual-3.12.0.jar;c:\Users\Dell\.vscode\extensions\vmware.vscode-spring-boot-1.55.1\language-server\BOOT-INF\lib\classgraph-4.8.149.jar;c:\Users\Dell\.vscode\extensions\vmware.vscode-spring-boot-1.55.1\language-server\BOOT-INF\lib\commons-codec-1.16.1.jar;c:\Users\Dell\.vscode\extensions\vmware.vscode-spring-boot-1.55.1\language-server\BOOT-INF\lib\commons-compress-1.26.1.jar;c:\Users\Dell\.vscode\extensions\vmware.vscode-spring-boot-1.55.1\language-server\BOOT-INF\lib\commons-io-2.16.1.jar;c:\Users\Dell\.vscode\extensions\vmware.vscode-spring-boot-1.55.1\language-server\BOOT-INF\lib\commons-java-1.55.1-SNAPSHOT.jar;c:\Users\Dell\.vscode\extensions\vmware.vscode-spring-boot-1.55.1\language-server\BOOT-INF\lib\commons-lang3-3.14.0.jar;c:\Users\Dell\.vscode\extensions\vmware.vscode-spring-boot-1.55.1\language-server\BOOT-INF\lib\commons-language-server-1.55.1-SNAPSHOT.jar;c:\Users\Dell\.vscode\extensions\vmware.vscode-spring-boot-1.55.1\language-server\BOOT-I
Launcher Type: SUN_STANDARD

[Global flags]
     intx CICompilerCount                          = 4                                         {product} {ergonomic}
     uint ConcGCThreads                            = 2                                         {product} {ergonomic}
     uint G1ConcRefinementThreads                  = 8                                         {product} {ergonomic}
   size_t G1HeapRegionSize                         = 1048576                                   {product} {ergonomic}
    uintx GCDrainStackTargetSize                   = 64                                        {product} {ergonomic}
   size_t InitialHeapSize                          = 100663296                                 {product} {ergonomic}
   size_t MarkStackSize                            = 4194304                                   {product} {ergonomic}
   size_t MaxHeapSize                              = 1073741824                                {product} {command line}
   size_t MaxNewSize                               = 643825664                                 {product} {ergonomic}
   size_t MinHeapDeltaBytes                        = 1048576                                   {product} {ergonomic}
   size_t MinHeapSize                              = 8388608                                   {product} {ergonomic}
    uintx NonProfiledCodeHeapSize                  = 0                                      {pd product} {ergonomic}
     bool ProfileInterpreter                       = false                                  {pd product} {command line}
    uintx ProfiledCodeHeapSize                     = 0                                      {pd product} {ergonomic}
   size_t SoftMaxHeapSize                          = 1073741824                             {manageable} {ergonomic}
     intx TieredStopAtLevel                        = 1                                         {product} {command line}
     bool UseCompressedClassPointers               = true                           {product lp64_product} {ergonomic}
     bool UseCompressedOops                        = true                           {product lp64_product} {ergonomic}
     bool UseG1GC                                  = true                                      {product} {ergonomic}
     bool UseLargePagesIndividualAllocation        = false                                  {pd product} {ergonomic}

Logging:
Log output configuration:
 #0: stdout all=warning,jni+resolve=off uptime,level,tags
 #1: stderr all=off uptime,level,tags

Environment Variables:
JAVA_HOME=C:\Program Files\Java\jdk-16.0.1
PATH=C:\Python310\Scripts\;C:\Python310\;C:\Program Files\Common Files\Oracle\Java\javapath;C:\Python38\Scripts\;C:\Python38\;C:\Program Files (x86)\Common Files\Oracle\Java\javapath;C:\ProgramData\Oracle\Java\javapath;C:\WINDOWS\system32;C:\WINDOWS;C:\WINDOWS\System32\Wbem;C:\WINDOWS\System32\WindowsPowerShell\v1.0\;C:\WINDOWS\System32\OpenSSH\;C:\ProgramData\chocolatey\bin;C:\Program Files (x86)\QuickTime\QTSystem\;C:\Program Files (x86)\Microsoft SQL Server\100\Tools\Binn\;C:\Program Files\Microsoft SQL Server\100\Tools\Binn\;C:\Program Files\Microsoft SQL Server\100\DTS\Binn\;C:\xampp\php;C:\ProgramData\ComposerSetup\bin;D:\khin\Microsoft VS Code\bin;C:\Program Files\MongoDB\Server\5.0\bin;C:\Program Files\dotnet\;C:\Program Files\Git\cmd;C:\Program Files (x86)\Microsoft SQL Server\160\Tools\Binn\;C:\Program Files\Microsoft SQL Server\160\Tools\Binn\;C:\Program Files\Microsoft SQL Server\Client SDK\ODBC\170\Tools\Binn\;C:\Program Files\Microsoft SQL Server\160\DTS\Binn\;C:\Program Files\PuTTY\;C:\Program Files\Java\jdk-16.0.1;C:\Program Files (x86)\Windows Kits\10\Windows Performance Toolkit\;C:\Program Files\nodejs\;C:\Users\Dell\.windows-build-tools\python27\;C:\Users\Dell\AppData\Local\Microsoft\WindowsApps;C:\Users\Dell\.dotnet\tools;C:\Users\Dell\AppData\Roaming\Composer\vendor\bin;C:\Users\Dell\Documents\flutter\bin;C:\Users\Dell\AppData\Local\Microsoft\WindowsApps;C:\Program Files\Go\bin;C:\Program Files\heroku\bin;C:\msys64\mingw64\bin;C:\Program Files\Azure Data Studio\bin;C:\Program Files\Java\jdk-16.0.1;C:\Users\Dell\AppData\Local\Google\Cloud SDK\google-cloud-sdk\bin;C:\Users\Dell\AppData\Roaming\npm;D:\apache-maven-3.9.8\bin;
USERNAME=Dell
OS=Windows_NT
PROCESSOR_IDENTIFIER=AMD64 Family 23 Model 24 Stepping 1, AuthenticAMD
TMP=C:\Users\Dell\AppData\Local\Temp
TEMP=C:\Users\Dell\AppData\Local\Temp



Periodic native trim disabled


---------------  S Y S T E M  ---------------

OS:
 Windows 10 , 64 bit Build 19041 (10.0.19041.3636)
OS uptime: 1 days 15:02 hours

CPU: total 8 (initial active 8) (8 cores per cpu, 2 threads per core) family 23 model 24 stepping 1 microcode 0x0, cx8, cmov, fxsr, ht, mmx, 3dnowpref, sse, sse2, sse3, ssse3, sse4a, sse4.1, sse4.2, popcnt, lzcnt, tsc, tscinvbit, avx, avx2, aes, clmul, bmi1, bmi2, adx, sha, fma, vzeroupper, clflush, clflushopt
Processor Information for all 8 processors :
  Max Mhz: 2100, Current Mhz: 2100, Mhz Limit: 2100

Memory: 4k page, system-wide physical 6030M (113M free)
TotalPageFile size 12030M (AvailPageFile size 7M)
current process WorkingSet (physical memory assigned to process): 47M, peak: 167M
current process commit charge ("private bytes"): 209M, peak: 215M

vm_info: OpenJDK 64-Bit Server VM (17.0.11+9) for windows-amd64 JRE (17.0.11+9), built on Apr 17 2024 06:07:48 by "admin" with MS VC++ 16.10 / 16.11 (VS2019)

END.
