#
# There is insufficient memory for the Java Runtime Environment to continue.
# Native memory allocation (mmap) failed to map 65536 bytes. Error detail: Failed to commit metaspace.
# Possible reasons:
#   The system is out of physical RAM or swap space
#   This process is running with CompressedOops enabled, and the Java Heap may be blocking the growth of the native heap
# Possible solutions:
#   Reduce memory load on the system
#   Increase physical memory or swap space
#   Check if swap backing store is full
#   Decrease Java heap size (-Xmx/-Xms)
#   Decrease number of Java threads
#   Decrease Java thread stack sizes (-Xss)
#   Set larger code cache with -XX:ReservedCodeCacheSize=
#   JVM is running with Unscaled Compressed Oops mode in which the Java heap is
#     placed in the first 4GB address space. The Java Heap base address is the
#     maximum limit for the native heap growth. Please use -XX:HeapBaseMinAddress
#     to set the Java Heap base and to place the Java Heap above 4GB virtual address.
# This output file may be truncated or incomplete.
#
#  Out of Memory Error (virtualSpaceNode.cpp:110), pid=12176, tid=14216
#
# JRE version: OpenJDK Runtime Environment Temurin-17.0.11+9 (17.0.11+9) (build 17.0.11+9)
# Java VM: OpenJDK 64-Bit Server VM Temurin-17.0.11+9 (17.0.11+9, mixed mode, emulated-client, tiered, compressed oops, compressed class ptrs, g1 gc, windows-amd64)
# No core dump will be written. Minidumps are not enabled by default on client versions of Windows
#

---------------  S U M M A R Y ------------

Command Line: -Xmx1024m -Dsts.lsp.client=vscode -Dsts.log.file=/dev/null -XX:TieredStopAtLevel=1 -Xlog:jni+resolve=off -Dspring.config.location=file:c:\Users\Dell\.vscode\extensions\vmware.vscode-spring-boot-1.55.1\language-server\BOOT-INF\classes\application.properties org.springframework.ide.vscode.boot.app.BootLanguageServerBootApp

Host: AMD Ryzen 5 3500U with Radeon Vega Mobile Gfx  , 8 cores, 5G,  Windows 10 , 64 bit Build 19041 (10.0.19041.3636)
Time: Sat Jun 22 16:16:11 2024 SE Asia Standard Time elapsed time: 3.790358 seconds (0d 0h 0m 3s)

---------------  T H R E A D  ---------------

Current thread (0x000001f21d64ce00):  JavaThread "main" [_thread_in_vm, id=14216, stack(0x000000b2dc700000,0x000000b2dc800000)]

Stack: [0x000000b2dc700000,0x000000b2dc800000]
Native frames: (J=compiled Java code, j=interpreted, Vv=VM code, C=native code)
V  [jvm.dll+0x67d429]
V  [jvm.dll+0x834b7a]
V  [jvm.dll+0x83663e]
V  [jvm.dll+0x836ca3]
V  [jvm.dll+0x247dbf]
V  [jvm.dll+0x83083b]
V  [jvm.dll+0x621d56]
V  [jvm.dll+0x1c1b3e]
V  [jvm.dll+0x6246b1]
V  [jvm.dll+0x6226f6]
V  [jvm.dll+0x62c5c7]
V  [jvm.dll+0x1ebb1b]
V  [jvm.dll+0x1ec055]
V  [jvm.dll+0x1ecb10]
V  [jvm.dll+0x1e1f11]
V  [jvm.dll+0x54250e]
V  [jvm.dll+0x7aecb8]
V  [jvm.dll+0x7aeda4]
V  [jvm.dll+0x4106a5]
V  [jvm.dll+0x416819]
C  [java.dll+0x17ec]

Java frames: (J=compiled Java code, j=interpreted, Vv=VM code)
J 851  java.lang.ClassLoader.defineClass1(Ljava/lang/ClassLoader;Ljava/lang/String;[BIILjava/security/ProtectionDomain;Ljava/lang/String;)Ljava/lang/Class; java.base@17.0.11 (0 bytes) @ 0x000001f2205bc05b [0x000001f2205bbfa0+0x00000000000000bb]
J 847 c1 java.lang.ClassLoader.defineClass(Ljava/lang/String;[BIILjava/security/ProtectionDomain;)Ljava/lang/Class; java.base@17.0.11 (43 bytes) @ 0x000001f2205bdbdc [0x000001f2205bdae0+0x00000000000000fc]
J 745 c1 jdk.internal.loader.BuiltinClassLoader.defineClass(Ljava/lang/String;Ljdk/internal/loader/Resource;)Ljava/lang/Class; java.base@17.0.11 (121 bytes) @ 0x000001f2205981c4 [0x000001f220597d20+0x00000000000004a4]
J 744 c1 jdk.internal.loader.BuiltinClassLoader.findClassOnClassPathOrNull(Ljava/lang/String;)Ljava/lang/Class; java.base@17.0.11 (64 bytes) @ 0x000001f220597144 [0x000001f220596ea0+0x00000000000002a4]
J 666 c1 jdk.internal.loader.BuiltinClassLoader.loadClassOrNull(Ljava/lang/String;Z)Ljava/lang/Class; java.base@17.0.11 (143 bytes) @ 0x000001f220572844 [0x000001f220572400+0x0000000000000444]
J 727 c1 jdk.internal.loader.ClassLoaders$AppClassLoader.loadClass(Ljava/lang/String;Z)Ljava/lang/Class; java.base@17.0.11 (40 bytes) @ 0x000001f22058e9a4 [0x000001f22058e860+0x0000000000000144]
J 726 c1 java.lang.ClassLoader.loadClass(Ljava/lang/String;)Ljava/lang/Class; java.base@17.0.11 (7 bytes) @ 0x000001f22058e564 [0x000001f22058e520+0x0000000000000044]
v  ~StubRoutines::call_stub
j  org.springframework.boot.context.properties.source.SpringConfigurationPropertySource.from(Lorg/springframework/core/env/PropertySource;)Lorg/springframework/boot/context/properties/source/SpringConfigurationPropertySource;+18
j  org.springframework.boot.context.properties.source.SpringConfigurationPropertySources.adapt(Lorg/springframework/core/env/PropertySource;)Lorg/springframework/boot/context/properties/source/ConfigurationPropertySource;+31
j  org.springframework.boot.context.properties.source.SpringConfigurationPropertySources$$Lambda$172+0x00000001001ba4c0.apply(Ljava/lang/Object;)Ljava/lang/Object;+8
j  org.springframework.boot.context.properties.source.SpringConfigurationPropertySources$SourcesIterator.fetchNext()Lorg/springframework/boot/context/properties/source/ConfigurationPropertySource;+123
j  org.springframework.boot.context.properties.source.SpringConfigurationPropertySources$SourcesIterator.fetchNext()Lorg/springframework/boot/context/properties/source/ConfigurationPropertySource;+113
j  org.springframework.boot.context.properties.source.SpringConfigurationPropertySources$SourcesIterator.hasNext()Z+1
j  org.springframework.boot.context.properties.source.ConfigurationPropertySourcesPropertySource.findConfigurationProperty(Lorg/springframework/boot/context/properties/source/ConfigurationPropertyName;)Lorg/springframework/boot/context/properties/source/ConfigurationProperty;+20
j  org.springframework.boot.context.properties.source.ConfigurationPropertySourcesPropertyResolver.findPropertyValue(Ljava/lang/String;)Ljava/lang/Object;+21
j  org.springframework.boot.context.properties.source.ConfigurationPropertySourcesPropertyResolver.getProperty(Ljava/lang/String;Ljava/lang/Class;Z)Ljava/lang/Object;+2
j  org.springframework.boot.context.properties.source.ConfigurationPropertySourcesPropertyResolver.getProperty(Ljava/lang/String;)Ljava/lang/String;+5
j  org.springframework.core.env.AbstractEnvironment.getProperty(Ljava/lang/String;)Ljava/lang/String;+5
j  org.springframework.boot.cloud.CloudPlatform.isActive(Lorg/springframework/core/env/Environment;)Z+3
j  org.springframework.boot.cloud.CloudFoundryVcapEnvironmentPostProcessor.postProcessEnvironment(Lorg/springframework/core/env/ConfigurableEnvironment;Lorg/springframework/boot/SpringApplication;)V+4
j  org.springframework.boot.env.EnvironmentPostProcessorApplicationListener.onApplicationEnvironmentPreparedEvent(Lorg/springframework/boot/context/event/ApplicationEnvironmentPreparedEvent;)V+55
j  org.springframework.boot.env.EnvironmentPostProcessorApplicationListener.onApplicationEvent(Lorg/springframework/context/ApplicationEvent;)V+14
j  org.springframework.context.event.SimpleApplicationEventMulticaster.doInvokeListener(Lorg/springframework/context/ApplicationListener;Lorg/springframework/context/ApplicationEvent;)V+2
j  org.springframework.context.event.SimpleApplicationEventMulticaster.invokeListener(Lorg/springframework/context/ApplicationListener;Lorg/springframework/context/ApplicationEvent;)V+34
j  org.springframework.context.event.SimpleApplicationEventMulticaster.multicastEvent(Lorg/springframework/context/ApplicationEvent;Lorg/springframework/core/ResolvableType;)V+104
j  org.springframework.context.event.SimpleApplicationEventMulticaster.multicastEvent(Lorg/springframework/context/ApplicationEvent;)V+3
j  org.springframework.boot.context.event.EventPublishingRunListener.multicastInitialEvent(Lorg/springframework/context/ApplicationEvent;)V+9
j  org.springframework.boot.context.event.EventPublishingRunListener.environmentPrepared(Lorg/springframework/boot/ConfigurableBootstrapContext;Lorg/springframework/core/env/ConfigurableEnvironment;)V+18
j  org.springframework.boot.SpringApplicationRunListeners.lambda$environmentPrepared$2(Lorg/springframework/boot/ConfigurableBootstrapContext;Lorg/springframework/core/env/ConfigurableEnvironment;Lorg/springframework/boot/SpringApplicationRunListener;)V+3
j  org.springframework.boot.SpringApplicationRunListeners$$Lambda$170+0x00000001001b6208.accept(Ljava/lang/Object;)V+12
j  java.lang.Iterable.forEach(Ljava/util/function/Consumer;)V+30 java.base@17.0.11
j  org.springframework.boot.SpringApplicationRunListeners.doWithListeners(Ljava/lang/String;Ljava/util/function/Consumer;Ljava/util/function/Consumer;)V+17
j  org.springframework.boot.SpringApplicationRunListeners.doWithListeners(Ljava/lang/String;Ljava/util/function/Consumer;)V+4
j  org.springframework.boot.SpringApplicationRunListeners.environmentPrepared(Lorg/springframework/boot/ConfigurableBootstrapContext;Lorg/springframework/core/env/ConfigurableEnvironment;)V+10
j  org.springframework.boot.SpringApplication.prepareEnvironment(Lorg/springframework/boot/SpringApplicationRunListeners;Lorg/springframework/boot/DefaultBootstrapContext;Lorg/springframework/boot/ApplicationArguments;)Lorg/springframework/core/env/ConfigurableEnvironment;+27
j  org.springframework.boot.SpringApplication.run([Ljava/lang/String;)Lorg/springframework/context/ConfigurableApplicationContext;+62
j  org.springframework.boot.SpringApplication.run([Ljava/lang/Class;[Ljava/lang/String;)Lorg/springframework/context/ConfigurableApplicationContext;+9
j  org.springframework.boot.SpringApplication.run(Ljava/lang/Class;[Ljava/lang/String;)Lorg/springframework/context/ConfigurableApplicationContext;+9
j  org.springframework.ide.vscode.boot.app.BootLanguageServerBootApp.main([Ljava/lang/String;)V+19
v  ~StubRoutines::call_stub

Compiled method (n/a)    3814  851     n 0       java.lang.ClassLoader::defineClass1 (native)
 total in heap  [0x000001f2205bbe10,0x000001f2205bc2e8] = 1240
 relocation     [0x000001f2205bbf68,0x000001f2205bbfa0] = 56
 main code      [0x000001f2205bbfa0,0x000001f2205bc2e8] = 840

[Constant Pool (empty)]

[MachCode]
[Entry Point]
  # {method} {0x000001f22901de78} 'defineClass1' '(Ljava/lang/ClassLoader;Ljava/lang/String;[BIILjava/security/ProtectionDomain;Ljava/lang/String;)Ljava/lang/Class;' in 'java/lang/ClassLoader'
  # parm0:    rdx:rdx   = 'java/lang/ClassLoader'
  # parm1:    r8:r8     = 'java/lang/String'
  # parm2:    r9:r9     = '[B'
  # parm3:    rdi       = int
  # parm4:    rsi       = int
  # parm5:    rcx:rcx   = 'java/security/ProtectionDomain'
  # parm6:    [sp+0xa0]   = 'java/lang/String'  (sp of caller)
  0x000001f2205bbfa0: 448b 5208 | 49c1 e203 | 493b c20f | 8407 0000 

  0x000001f2205bbfb0: ;   {runtime_call ic_miss_stub}
  0x000001f2205bbfb0: 00e9 ca50 | d7ff 6690 
[Verified Entry Point]
  0x000001f2205bbfb8: 8984 2400 | 90ff ff55 | 488b ec48 | 81ec 9000 | 0000 4881 | 7d10 0000 | 0000 488d | 4510 480f 
  0x000001f2205bbfd8: 4445 1048 | 8944 2440 | 4889 4c24 | 7048 83f9 | 0048 8d44 | 2470 480f | 4444 2470 | 4889 4424 
  0x000001f2205bbff8: 3848 8974 | 2430 4889 | 7c24 284c | 894c 2458 | 4983 f900 | 488d 4424 | 5848 0f44 | 4424 5848 
  0x000001f2205bc018: 8944 2420 | 4c89 4424 | 5049 83f8 | 004c 8d4c | 2450 4c0f | 444c 2450 | 4889 5424 | 4848 83fa 
  0x000001f2205bc038: 004c 8d44 | 2448 4c0f | 4444 2448 

  0x000001f2205bc044: ;   {oop(a 'java/lang/Class'{0x00000000c0c580a0} = 'java/lang/ClassLoader')}
  0x000001f2205bc044: 49be a080 | c5c0 0000 | 0000 4c89 | 7424 784c | 8d74 2478 | 498b d6c5 

  0x000001f2205bc05c: ;   {internal_word}
  0x000001f2205bc05c: f877 49ba | 5bc0 5b20 | f201 0000 | 4d89 97a0 | 0200 0049 | 89a7 9802 

  0x000001f2205bc074: ;   {external_word}
  0x000001f2205bc074: 0000 49ba | 5835 11c3 | f97f 0000 | 4180 3a00 | 0f84 5200 | 0000 5241 

  0x000001f2205bc08c: ;   {metadata({method} {0x000001f22901de78} 'defineClass1' '(Ljava/lang/ClassLoader;Ljava/lang/String;[BIILjava/security/ProtectionDomain;Ljava/lang/String;)Ljava/lang/Class;' in 'java/lang/ClassLoader')}
  0x000001f2205bc08c: 5041 5148 | ba70 de01 | 29f2 0100 | 0049 8bcf | 4883 ec20 | f7c4 0f00 | 0000 0f84 | 1a00 0000 
  0x000001f2205bc0ac: 4883 ec08 

  0x000001f2205bc0b0: ;   {runtime_call}
  0x000001f2205bc0b0: 49ba 6031 | c7c2 f97f | 0000 41ff | d248 83c4 | 08e9 0d00 

  0x000001f2205bc0c4: ;   {runtime_call}
  0x000001f2205bc0c4: 0000 49ba | 6031 c7c2 | f97f 0000 | 41ff d248 | 83c4 2041 | 5941 585a | 498d 8fb8 | 0200 0041 
  0x000001f2205bc0e4: c787 4803 | 0000 0400 

  0x000001f2205bc0ec: ;   {runtime_call}
  0x000001f2205bc0ec: 0000 49ba | ac16 24da | f97f 0000 | 41ff d2c5 | f877 41c7 | 8748 0300 | 0005 0000 | 00f0 8344 
  0x000001f2205bc10c: 24c0 0049 | 3baf 5003 | 0000 0f87 | 1100 0000 | 4181 bf38 | 0300 0000 | 0000 000f | 842c 0000 
  0x000001f2205bc12c: 00c5 f877 | 4889 45f8 | 498b cf4c | 8be4 4883 | ec20 4883 

  0x000001f2205bc140: ;   {runtime_call}
  0x000001f2205bc140: e4f0 49ba | c045 d7c2 | f97f 0000 | 41ff d249 | 8be4 4d33 | e448 8b45 | f841 c787 | 4803 0000 
  0x000001f2205bc160: 0800 0000 | 4181 bfb8 | 0300 0002 | 0000 000f | 843f 0100 

  0x000001f2205bc174: ;   {external_word}
  0x000001f2205bc174: 0049 ba58 | 3511 c3f9 | 7f00 0041 | 803a 000f | 8450 0000 | 0048 8945 

  0x000001f2205bc18c: ;   {metadata({method} {0x000001f22901de78} 'defineClass1' '(Ljava/lang/ClassLoader;Ljava/lang/String;[BIILjava/security/ProtectionDomain;Ljava/lang/String;)Ljava/lang/Class;' in 'java/lang/ClassLoader')}
  0x000001f2205bc18c: f848 ba70 | de01 29f2 | 0100 0049 | 8bcf 4883 | ec20 f7c4 | 0f00 0000 | 0f84 1a00 | 0000 4883 
  0x000001f2205bc1ac: ;   {runtime_call}
  0x000001f2205bc1ac: ec08 49ba | 6031 c7c2 | f97f 0000 | 41ff d248 | 83c4 08e9 | 0d00 0000 

  0x000001f2205bc1c4: ;   {runtime_call}
  0x000001f2205bc1c4: 49ba 6031 | c7c2 f97f | 0000 41ff | d248 83c4 | 2048 8b45 | f849 c787 | 9802 0000 | 0000 0000 
  0x000001f2205bc1e4: 49c7 87a0 | 0200 0000 | 0000 00c5 | f877 4885 | c00f 8493 | 0000 0048 | f7c0 0100 | 0000 0f84 
  0x000001f2205bc204: 8300 0000 | 488b 40ff | 4180 7f38 | 000f 846f | 0000 0048 | 83f8 000f | 8465 0000 | 0049 8b4f 
  0x000001f2205bc224: 2048 83f9 | 000f 8414 | 0000 0048 | 83e9 0849 | 894f 2049 | 034f 3048 | 8901 e943 | 0000 0050 
  0x000001f2205bc244: 498b d748 | 8bc8 4883 | ec20 f7c4 | 0f00 0000 | 0f84 1a00 | 0000 4883 

  0x000001f2205bc25c: ;   {runtime_call}
  0x000001f2205bc25c: ec08 49ba | 604d 86c2 | f97f 0000 | 41ff d248 | 83c4 08e9 | 0d00 0000 

  0x000001f2205bc274: ;   {runtime_call}
  0x000001f2205bc274: 49ba 604d | 86c2 f97f | 0000 41ff | d248 83c4 | 2058 e903 | 0000 0048 | 8b00 498b | 8fd8 0000 
  0x000001f2205bc294: 00c7 8100 | 0100 0000 | 0000 00c9 | 4981 7f08 | 0000 0000 | 0f85 0100 

  0x000001f2205bc2ac: ;   {runtime_call StubRoutines (1)}
  0x000001f2205bc2ac: 0000 c3e9 | 4c4c d2ff | c5f8 7748 | 8945 f84c | 8be4 4883 | ec20 4883 

  0x000001f2205bc2c4: ;   {runtime_call}
  0x000001f2205bc2c4: e4f0 49ba | e061 c7c2 | f97f 0000 | 41ff d249 | 8be4 4d33 | e448 8b45 | f8e9 93fe | ffff f4f4 
  0x000001f2205bc2e4: f4f4 f4f4 
[/MachCode]


Compiled method (c1)    3836  847       1       java.lang.ClassLoader::defineClass (43 bytes)
 total in heap  [0x000001f2205bd910,0x000001f2205bdeb0] = 1440
 relocation     [0x000001f2205bda68,0x000001f2205bdac8] = 96
 main code      [0x000001f2205bdae0,0x000001f2205bdc80] = 416
 stub code      [0x000001f2205bdc80,0x000001f2205bdcf8] = 120
 metadata       [0x000001f2205bdcf8,0x000001f2205bdd28] = 48
 scopes data    [0x000001f2205bdd28,0x000001f2205bdde0] = 184
 scopes pcs     [0x000001f2205bdde0,0x000001f2205bde80] = 160
 dependencies   [0x000001f2205bde80,0x000001f2205bde88] = 8
 nul chk table  [0x000001f2205bde88,0x000001f2205bdeb0] = 40

[Constant Pool (empty)]

[MachCode]
[Entry Point]
  # {method} {0x000001f22901dce8} 'defineClass' '(Ljava/lang/String;[BIILjava/security/ProtectionDomain;)Ljava/lang/Class;' in 'java/lang/ClassLoader'
  # this:     rdx:rdx   = 'java/lang/ClassLoader'
  # parm0:    r8:r8     = 'java/lang/String'
  # parm1:    r9:r9     = '[B'
  # parm2:    rdi       = int
  # parm3:    rsi       = int
  # parm4:    rcx:rcx   = 'java/security/ProtectionDomain'
  #           [sp+0xc0]  (sp of caller)
  0x000001f2205bdae0: 448b 5208 | 49c1 e203 

  0x000001f2205bdae8: ;   {runtime_call ic_miss_stub}
  0x000001f2205bdae8: 4c3b d00f | 858f 35d7 | ff0f 1f84 | 0000 0000 | 000f 1f80 | 0000 0000 
[Verified Entry Point]
  0x000001f2205bdb00: 8984 2400 | 90ff ff55 | 4881 ecb0 | 0000 0048 | 8954 2478 | 89b4 2494 | 0000 0089 | bc24 9000 
  0x000001f2205bdb20: 0000 4c89 | 8c24 8800 | 0000 498b | d84c 8bc3 | 4c8b c948 | 8bca 488b | d148 899c | 2480 0000 
  0x000001f2205bdb40: 0066 0f1f 

  0x000001f2205bdb44: ;   {optimized virtual_call}
  0x000001f2205bdb44: 4400 00e8 

  0x000001f2205bdb48: ; ImmutableOopMap {[120]=Oop [136]=Oop [128]=Oop }
                      ;*invokevirtual preDefineClass {reexecute=0 rethrow=0 return_oop=0}
                      ; - java.lang.ClassLoader::defineClass@4
  0x000001f2205bdb48: 7412 0000 | 4889 8424 | 9800 0000 

  0x000001f2205bdb54: ; implicit exception: dispatches to 0x000001f2205bdc1a
  0x000001f2205bdb54: 448b 4010 | 4983 f800 | 0f85 0f00 

  0x000001f2205bdb60: ;   {oop(NULL)}
  0x000001f2205bdb60: 0000 48bb | 0000 0000 | 0000 0000 | e936 0000 | 0045 8b40 | 0c49 83f8 | 000f 850f 

  0x000001f2205bdb7c: ;   {oop(NULL)}
  0x000001f2205bdb7c: 0000 0048 | bb00 0000 | 0000 0000 | 00e9 1900 | 0000 418b | 5038 483b 

  0x000001f2205bdb94: ;   {optimized virtual_call}
  0x000001f2205bdb94: 0266 90e8 

  0x000001f2205bdb98: ; ImmutableOopMap {[120]=Oop [136]=Oop [128]=Oop [152]=Oop }
                      ;*invokevirtual toExternalForm {reexecute=0 rethrow=0 return_oop=0}
                      ; - java.net.URL::toExternalForm@5
                      ; - java.net.URL::toString@1
                      ; - java.lang.ClassLoader::defineClassSourceLocation@22
                      ; - java.lang.ClassLoader::defineClass@12
  0x000001f2205bdb98: 04c3 f5ff | 488b d848 | 8b84 2498 | 0000 008b | b424 9400 | 0000 8bbc | 2490 0000 | 004c 8b8c 
  0x000001f2205bdbb8: 2488 0000 | 004c 8b84 | 2480 0000 | 0048 8b54 | 2478 4c8b | da49 8bd3 | 488b c848 

  0x000001f2205bdbd4: ;   {static_call}
  0x000001f2205bdbd4: 891c 24e8 

  0x000001f2205bdbd8: ; ImmutableOopMap {[152]=Oop [120]=Oop }
                      ;*invokestatic defineClass1 {reexecute=0 rethrow=0 return_oop=0}
                      ; - java.lang.ClassLoader::defineClass@27
  0x000001f2205bdbd8: dce3 ffff | 4c8b c04c | 8b8c 2498 | 0000 0048 | 8b54 2478 | 4889 8424 | a000 0000 

  0x000001f2205bdbf4: ;   {optimized virtual_call}
  0x000001f2205bdbf4: 6666 90e8 

  0x000001f2205bdbf8: ; ImmutableOopMap {[160]=Oop }
                      ;*invokevirtual postDefineClass {reexecute=0 rethrow=0 return_oop=0}
                      ; - java.lang.ClassLoader::defineClass@37
  0x000001f2205bdbf8: 84ed fdff | 488b 8424 | a000 0000 | 4881 c4b0 | 0000 005d 

  0x000001f2205bdc0c: ;   {poll_return}
  0x000001f2205bdc0c: 493b a750 | 0300 000f | 8715 0000 

  0x000001f2205bdc18: ;   {runtime_call throw_null_pointer_exception Runtime1 stub}
  0x000001f2205bdc18: 00c3 e801 

  0x000001f2205bdc1c: ; ImmutableOopMap {[120]=Oop [136]=Oop [128]=Oop rax=Oop [152]=Oop }
                      ;*invokevirtual getCodeSource {reexecute=0 rethrow=0 return_oop=0}
                      ; - java.lang.ClassLoader::defineClassSourceLocation@1
                      ; - java.lang.ClassLoader::defineClass@12
                      ;   {runtime_call throw_null_pointer_exception Runtime1 stub}
  0x000001f2205bdc1c: 49e1 ffe8 

  0x000001f2205bdc20: ; ImmutableOopMap {[120]=Oop [136]=Oop [128]=Oop rax=Oop [152]=Oop }
                      ;*invokevirtual getLocation {reexecute=0 rethrow=0 return_oop=0}
                      ; - java.lang.ClassLoader::defineClassSourceLocation@12
                      ; - java.lang.ClassLoader::defineClass@12
  0x000001f2205bdc20: fc48 e1ff 

  0x000001f2205bdc24: ;   {runtime_call throw_null_pointer_exception Runtime1 stub}
  0x000001f2205bdc24: e8f7 48e1 

  0x000001f2205bdc28: ; ImmutableOopMap {[120]=Oop [136]=Oop [128]=Oop [152]=Oop r8=Oop }
                      ;*invokevirtual toString {reexecute=0 rethrow=0 return_oop=0}
                      ; - java.lang.ClassLoader::defineClassSourceLocation@22
                      ; - java.lang.ClassLoader::defineClass@12
                      ;   {runtime_call throw_null_pointer_exception Runtime1 stub}
  0x000001f2205bdc28: ffe8 f248 

  0x000001f2205bdc2c: ; ImmutableOopMap {[120]=Oop [136]=Oop [128]=Oop [152]=Oop r8=Oop rdx=Oop }
                      ;*invokevirtual toExternalForm {reexecute=0 rethrow=0 return_oop=0}
                      ; - java.net.URL::toExternalForm@5
                      ; - java.net.URL::toString@1
                      ; - java.lang.ClassLoader::defineClassSourceLocation@22
                      ; - java.lang.ClassLoader::defineClass@12
                      ;   {internal_word}
  0x000001f2205bdc2c: e1ff 49ba | 0cdc 5b20 | f201 0000 | 4d89 9768 

  0x000001f2205bdc3c: ;   {runtime_call SafepointBlob}
  0x000001f2205bdc3c: 0300 00e9 | bc9d d7ff | 9090 498b | 87e0 0300 | 0049 c787 | e003 0000 | 0000 0000 | 49c7 87e8 
  0x000001f2205bdc5c: 0300 0000 | 0000 0048 | 81c4 b000 

  0x000001f2205bdc68: ;   {runtime_call unwind_exception Runtime1 stub}
  0x000001f2205bdc68: 0000 5de9 | 9039 e1ff | f4f4 f4f4 | f4f4 f4f4 | f4f4 f4f4 | f4f4 f4f4 
[Stub Code]
  0x000001f2205bdc80: ;   {no_reloc}
  0x000001f2205bdc80: 0f1f 4400 

  0x000001f2205bdc84: ;   {static_stub}
  0x000001f2205bdc84: 0048 bb00 | 0000 0000 

  0x000001f2205bdc8c: ;   {runtime_call}
  0x000001f2205bdc8c: 0000 00e9 | fbff ffff 

  0x000001f2205bdc94: ;   {static_stub}
  0x000001f2205bdc94: 9048 bb00 | 0000 0000 

  0x000001f2205bdc9c: ;   {runtime_call}
  0x000001f2205bdc9c: 0000 00e9 | fbff ffff 

  0x000001f2205bdca4: ;   {static_stub}
  0x000001f2205bdca4: 9048 bb00 | 0000 0000 

  0x000001f2205bdcac: ;   {runtime_call}
  0x000001f2205bdcac: 0000 00e9 | fbff ffff 

  0x000001f2205bdcb4: ;   {static_stub}
  0x000001f2205bdcb4: 9048 bb00 | 0000 0000 

  0x000001f2205bdcbc: ;   {runtime_call}
  0x000001f2205bdcbc: 0000 00e9 | fbff ffff 
[Exception Handler]
  0x000001f2205bdcc4: ;   {runtime_call handle_exception_from_callee Runtime1 stub}
  0x000001f2205bdcc4: e837 66e1 

  0x000001f2205bdcc8: ;   {external_word}
  0x000001f2205bdcc8: ff48 b930 | 9aeb c2f9 | 7f00 0048 

  0x000001f2205bdcd4: ;   {runtime_call}
  0x000001f2205bdcd4: 83e4 f049 | ba40 2bb4 | c2f9 7f00 | 0041 ffd2 

  0x000001f2205bdce4: ;   {section_word}
  0x000001f2205bdce4: f449 bae5 | dc5b 20f2 | 0100 0041 

  0x000001f2205bdcf0: ;   {runtime_call DeoptimizationBlob}
  0x000001f2205bdcf0: 52e9 aa8f | d7ff f4f4 
[/MachCode]


Compiled method (c1)    3850  745       1       jdk.internal.loader.BuiltinClassLoader::defineClass (121 bytes)
 total in heap  [0x000001f220597a90,0x000001f2205988e8] = 3672
 relocation     [0x000001f220597be8,0x000001f220597d18] = 304
 main code      [0x000001f220597d20,0x000001f220598320] = 1536
 stub code      [0x000001f220598320,0x000001f220598468] = 328
 metadata       [0x000001f220598468,0x000001f2205984b0] = 72
 scopes data    [0x000001f2205984b0,0x000001f220598708] = 600
 scopes pcs     [0x000001f220598708,0x000001f2205988a8] = 416
 dependencies   [0x000001f2205988a8,0x000001f2205988b0] = 8
 handler table  [0x000001f2205988b0,0x000001f2205988c8] = 24
 nul chk table  [0x000001f2205988c8,0x000001f2205988e8] = 32

[Constant Pool (empty)]

[MachCode]
[Entry Point]
  # {method} {0x000001f2290c0980} 'defineClass' '(Ljava/lang/String;Ljdk/internal/loader/Resource;)Ljava/lang/Class;' in 'jdk/internal/loader/BuiltinClassLoader'
  # this:     rdx:rdx   = 'jdk/internal/loader/BuiltinClassLoader'
  # parm0:    r8:r8     = 'java/lang/String'
  # parm1:    r9:r9     = 'jdk/internal/loader/Resource'
  #           [sp+0x110]  (sp of caller)
  0x000001f220597d20: 448b 5208 | 49c1 e203 

  0x000001f220597d28: ;   {runtime_call ic_miss_stub}
  0x000001f220597d28: 4c3b d00f | 854f 93d9 | ff0f 1f84 | 0000 0000 | 000f 1f80 | 0000 0000 
[Verified Entry Point]
  0x000001f220597d40: 8984 2400 | 90ff ff55 | 4881 ec00 | 0100 0048 | 8994 24a0 | 0000 004c | 8984 2490 | 0000 004c 
  0x000001f220597d60: 898c 2498 | 0000 0049 | 8bd1 6666 | 9048 b830 | 1401 0001 

  0x000001f220597d74: ;   {virtual_call}
  0x000001f220597d74: 0000 00e8 

  0x000001f220597d78: ; ImmutableOopMap {[152]=Oop [160]=Oop [144]=Oop }
                      ;*invokevirtual getCodeSourceURL {reexecute=0 rethrow=0 return_oop=0}
                      ; - jdk.internal.loader.BuiltinClassLoader::defineClass@1
  0x000001f220597d78: 24ad 0000 | 4889 8424 | a800 0000 | 4c8b 8424 | 9000 0000 

  0x000001f220597d8c: ; implicit exception: dispatches to 0x000001f220598223
  0x000001f220597d8c: 418b 7014 

  0x000001f220597d90: ; implicit exception: dispatches to 0x000001f220598228
  0x000001f220597d90: 8b56 0c45 | 0fbe 4810 | 498b c9c1 | e118 c1f9 | 18d3 fa48 | 8bfa ffcf | 4183 f900 | ba00 0000 
  0x000001f220597db0: 000f 8505 | 0000 00ba | 0100 0000 | 83e2 0183 | fa00 488b | d641 b82e | 0000 004c | 8bcf 0f84 
  0x000001f220597dd0: 0d00 0000 

  0x000001f220597dd4: ;   {static_call}
  0x000001f220597dd4: 6666 90e8 

  0x000001f220597dd8: ; ImmutableOopMap {[152]=Oop [160]=Oop [168]=Oop [144]=Oop }
                      ;*invokestatic lastIndexOf {reexecute=0 rethrow=0 return_oop=0}
                      ; - java.lang.String::lastIndexOf@13
                      ; - java.lang.String::lastIndexOf@8
                      ; - jdk.internal.loader.BuiltinClassLoader::defineClass@8
  0x000001f220597dd8: 44da e4ff | e90b 0000 | 0066 0f1f 

  0x000001f220597de4: ;   {static_call}
  0x000001f220597de4: 4400 00e8 

  0x000001f220597de8: ; ImmutableOopMap {[152]=Oop [160]=Oop [168]=Oop [144]=Oop }
                      ;*invokestatic lastIndexOf {reexecute=0 rethrow=0 return_oop=0}
                      ; - java.lang.String::lastIndexOf@25
                      ; - java.lang.String::lastIndexOf@8
                      ; - jdk.internal.loader.BuiltinClassLoader::defineClass@8
  0x000001f220597de8: 949b d9ff | 83f8 ff0f | 8467 0000 | 0041 b800 | 0000 004c | 8bc8 488b | 9424 9000 

  0x000001f220597e04: ;   {optimized virtual_call}
  0x000001f220597e04: 0000 90e8 

  0x000001f220597e08: ; ImmutableOopMap {[152]=Oop [160]=Oop [168]=Oop [144]=Oop }
                      ;*invokevirtual substring {reexecute=0 rethrow=0 return_oop=0}
                      ; - jdk.internal.loader.BuiltinClassLoader::defineClass@23
  0x000001f220597e08: f474 efff | 488b 9424 | 9800 0000 | 4889 8424 | b000 0000 | 9048 b830 | 1401 0001 

  0x000001f220597e24: ;   {virtual_call}
  0x000001f220597e24: 0000 00e8 

  0x000001f220597e28: ; ImmutableOopMap {[152]=Oop [160]=Oop [168]=Oop [144]=Oop [176]=Oop }
                      ;*invokevirtual getManifest {reexecute=0 rethrow=0 return_oop=0}
                      ; - jdk.internal.loader.BuiltinClassLoader::defineClass@29
  0x000001f220597e28: 54b3 0000 | 4c8b 8424 | b000 0000 | 4c8b c848 | 8bbc 24a8 | 0000 0048 | 8b94 24a0 | 0000 0066 
  0x000001f220597e48: 0f1f 4400 | 0048 b8f0 | 1405 0001 

  0x000001f220597e54: ;   {virtual_call}
  0x000001f220597e54: 0000 00e8 

  0x000001f220597e58: ; ImmutableOopMap {[152]=Oop [160]=Oop [168]=Oop [144]=Oop }
                      ;*invokevirtual defineOrCheckPackage {reexecute=0 rethrow=0 return_oop=0}
                      ; - jdk.internal.loader.BuiltinClassLoader::defineClass@40
  0x000001f220597e58: 440c 0000 | 4c8b 8c24 | 9800 0000 | 488d 9424 | e000 0000 | 4c89 4a08 | 498b 0148 | 83c8 0148 
  0x000001f220597e78: 8902 f049 | 0fb1 110f | 8413 0000 | 0048 2bc4 | 4881 e007 | f0ff ff48 | 8902 0f85 | 9503 0000 
  0x000001f220597e98: 418b 510c | 4883 fa00 | 0f85 4700 | 0000 498b | d10f 1f40 | 0048 b830 | 1401 0001 

  0x000001f220597eb4: ;   {virtual_call}
  0x000001f220597eb4: 0000 00e8 

  0x000001f220597eb8: ; ImmutableOopMap {[160]=Oop [168]=Oop [144]=Oop [152]=Oop [232]=Oop }
                      ;*invokevirtual getInputStream {reexecute=0 rethrow=0 return_oop=0}
                      ; - jdk.internal.loader.Resource::cachedInputStream@9
                      ; - jdk.internal.loader.Resource::getByteBuffer@1
                      ; - jdk.internal.loader.BuiltinClassLoader::defineClass@45
  0x000001f220597eb8: 64c9 0000 | 410f be57 | 3883 fa00 | 4c8b 8c24 | 9800 0000 | 0f85 6e03 | 0000 4c8b | d045 8951 
  0x000001f220597ed8: 0c49 8bd1 | 4833 d048 | c1ea 1448 | 83fa 000f | 856f 0300 | 0041 8b51 | 0c48 8d84 | 24e0 0000 
  0x000001f220597ef8: 0048 8b30 | 4885 f60f | 840f 0000 | 0048 8b78 | 08f0 480f | b137 0f85 | 6003 0000 | 4883 fa00 
  0x000001f220597f18: 0f84 3b00 

  0x000001f220597f1c: ;   {metadata('sun/nio/ByteBuffered')}
  0x000001f220597f1c: 0000 48b8 | 589b 0200 | 0100 0000 | 8b5a 0848 | c1e3 0348 | 3b43 200f | 8425 0000 | 0048 3bd8 
  0x000001f220597f3c: 0f84 1c00 | 0000 5350 

  0x000001f220597f44: ;   {runtime_call slow_subtype_check Runtime1 stub}
  0x000001f220597f44: e8b7 cfe3 | ff5b 5b83 | fb00 0f84 | 0500 0000 | e905 0000 | 0048 33f6 | eb0a 48be | 0100 0000 
  0x000001f220597f64: 0000 0000 | 83fe 000f | 8460 0000 | 0048 83fa | 000f 843b 

  0x000001f220597f78: ;   {metadata('sun/nio/ByteBuffered')}
  0x000001f220597f78: 0000 0048 | bb58 9b02 | 0001 0000 | 008b 7a08 | 48c1 e703 | 483b 5f20 | 0f84 2000 | 0000 483b 
  0x000001f220597f98: fb0f 8417 | 0000 0057 

  0x000001f220597fa0: ;   {runtime_call slow_subtype_check Runtime1 stub}
  0x000001f220597fa0: 53e8 5acf | e3ff 5f5f | 83ff 000f | 84d9 0200 | 00e9 0000 | 0000 0f1f | 8000 0000 | 0048 b8ff 
  0x000001f220597fc0: ffff ffff 

  0x000001f220597fc4: ;   {virtual_call}
  0x000001f220597fc4: ffff ffe8 

  0x000001f220597fc8: ; ImmutableOopMap {[160]=Oop [168]=Oop [144]=Oop [152]=Oop }
                      ;*invokeinterface getByteBuffer {reexecute=0 rethrow=0 return_oop=0}
                      ; - jdk.internal.loader.Resource::getByteBuffer@16
                      ; - jdk.internal.loader.BuiltinClassLoader::defineClass@45
  0x000001f220597fc8: b496 d9ff | e90a 0000 

  0x000001f220597fd0: ;   {oop(NULL)}
  0x000001f220597fd0: 0048 b800 | 0000 0000 | 0000 0048 | 83f8 000f | 84dd 0000 | 0048 8984 | 24b8 0000 | 0048 8b94 
  0x000001f220597ff0: 2498 0000 | 0048 b8ff | ffff ffff 

  0x000001f220597ffc: ;   {virtual_call}
  0x000001f220597ffc: ffff ffe8 

  0x000001f220598000: ; ImmutableOopMap {[160]=Oop [168]=Oop [144]=Oop [184]=Oop }
                      ;*invokevirtual getCodeSigners {reexecute=0 rethrow=0 return_oop=0}
                      ; - jdk.internal.loader.BuiltinClassLoader::defineClass@56
  0x000001f220598000: 7c96 d9ff 

  0x000001f220598004: ;   {metadata('java/security/CodeSource')}
  0x000001f220598004: 4c8b c848 | ba68 1b05 | 0001 0000 | 0049 8b87 | 0801 0000 | 488d 7828 | 493b bf18 | 0100 000f 
  0x000001f220598024: 876a 0200 | 0049 89bf | 0801 0000 | 48c7 0001 | 0000 0048 | 8bca 48c1 | e903 8948 | 0848 33c9 
  0x000001f220598044: 8948 0c48 | 33c9 4889 | 4810 4889 | 4818 4889 | 4820 4c8b | 8424 a800 | 0000 488b | d048 8984 
  0x000001f220598064: 24c0 0000 | 0066 0f1f 

  0x000001f22059806c: ;   {optimized virtual_call}
  0x000001f22059806c: 4400 00e8 

  0x000001f220598070: ; ImmutableOopMap {[160]=Oop [144]=Oop [184]=Oop [192]=Oop }
                      ;*invokespecial <init> {reexecute=0 rethrow=0 return_oop=0}
                      ; - jdk.internal.loader.BuiltinClassLoader::defineClass@68
  0x000001f220598070: 0c93 d9ff | 4c8b 8424 | c000 0000 | 488b 9424 | a000 0000 

  0x000001f220598084: ;   {optimized virtual_call}
  0x000001f220598084: 6666 90e8 

  0x000001f220598088: ; ImmutableOopMap {[160]=Oop [144]=Oop [184]=Oop }
                      ;*invokevirtual getProtectionDomain {reexecute=0 rethrow=0 return_oop=0}
                      ; - java.security.SecureClassLoader::defineClass@5
                      ; - jdk.internal.loader.BuiltinClassLoader::defineClass@79
  0x000001f220598088: f492 d9ff | 4c8b 8424 | 9000 0000 | 4c8b 8c24 | b800 0000 | 488b f848 | 8b94 24a0 

  0x000001f2205980a4: ;   {optimized virtual_call}
  0x000001f2205980a4: 0000 00e8 

  0x000001f2205980a8: ; ImmutableOopMap {}
                      ;*invokevirtual defineClass {reexecute=0 rethrow=0 return_oop=0}
                      ; - java.security.SecureClassLoader::defineClass@8
                      ; - jdk.internal.loader.BuiltinClassLoader::defineClass@79
  0x000001f2205980a8: d492 d9ff | 4881 c400 | 0100 005d 

  0x000001f2205980b4: ;   {poll_return}
  0x000001f2205980b4: 493b a750 | 0300 000f | 87df 0100 | 00c3 4c8b | 8c24 9800 | 0000 498b | d148 b830 | 1401 0001 
  0x000001f2205980d4: ;   {virtual_call}
  0x000001f2205980d4: 0000 00e8 

  0x000001f2205980d8: ; ImmutableOopMap {[160]=Oop [144]=Oop [152]=Oop [168]=Oop }
                      ;*invokevirtual getBytes {reexecute=0 rethrow=0 return_oop=0}
                      ; - jdk.internal.loader.BuiltinClassLoader::defineClass@84
  0x000001f2205980d8: 04d4 0000 | 4889 8424 | c800 0000 | 488b 9424 | 9800 0000 | 9048 b830 | 1401 0001 

  0x000001f2205980f4: ;   {virtual_call}
  0x000001f2205980f4: 0000 00e8 

  0x000001f2205980f8: ; ImmutableOopMap {[160]=Oop [144]=Oop [168]=Oop [200]=Oop }
                      ;*invokevirtual getCodeSigners {reexecute=0 rethrow=0 return_oop=0}
                      ; - jdk.internal.loader.BuiltinClassLoader::defineClass@90
  0x000001f2205980f8: 24f2 0000 

  0x000001f2205980fc: ;   {metadata('java/security/CodeSource')}
  0x000001f2205980fc: 4c8b c848 | ba68 1b05 | 0001 0000 | 0049 8b87 | 0801 0000 | 488d 7828 | 493b bf18 | 0100 000f 
  0x000001f22059811c: 8795 0100 | 0049 89bf | 0801 0000 | 48c7 0001 | 0000 0048 | 8bca 48c1 | e903 8948 | 0848 33c9 
  0x000001f22059813c: 8948 0c48 | 33c9 4889 | 4810 4889 | 4818 4889 | 4820 4c8b | 8424 a800 | 0000 488b | d048 8984 
  0x000001f22059815c: 24d0 0000 | 0066 0f1f 

  0x000001f220598164: ;   {optimized virtual_call}
  0x000001f220598164: 4400 00e8 

  0x000001f220598168: ; ImmutableOopMap {[160]=Oop [144]=Oop [200]=Oop [208]=Oop }
                      ;*invokespecial <init> {reexecute=0 rethrow=0 return_oop=0}
                      ; - jdk.internal.loader.BuiltinClassLoader::defineClass@102
  0x000001f220598168: 7449 0200 | 488b 8424 | c800 0000 

  0x000001f220598174: ; implicit exception: dispatches to 0x000001f2205982c3
  0x000001f220598174: 8b70 0c4c | 8b84 24d0 | 0000 0048 | 8b94 24a0 | 0000 0089 | b424 d800 

  0x000001f22059818c: ;   {optimized virtual_call}
  0x000001f22059818c: 0000 90e8 

  0x000001f220598190: ; ImmutableOopMap {[160]=Oop [144]=Oop [200]=Oop }
                      ;*invokevirtual getProtectionDomain {reexecute=0 rethrow=0 return_oop=0}
                      ; - java.security.SecureClassLoader::defineClass@9
                      ; - jdk.internal.loader.BuiltinClassLoader::defineClass@117
  0x000001f220598190: 4c43 0200 | 4c8b 8424 | 9000 0000 | 4c8b 8c24 | c800 0000 | bf00 0000 | 008b b424 | d800 0000 
  0x000001f2205981b0: 488b c848 | 8b94 24a0 | 0000 000f 

  0x000001f2205981bc: ;   {optimized virtual_call}
  0x000001f2205981bc: 1f40 00e8 

  0x000001f2205981c0: ; ImmutableOopMap {}
                      ;*invokevirtual defineClass {reexecute=0 rethrow=0 return_oop=0}
                      ; - java.security.SecureClassLoader::defineClass@12
                      ; - jdk.internal.loader.BuiltinClassLoader::defineClass@117
  0x000001f2205981c0: 3c59 0200 | 4881 c400 | 0100 005d 

  0x000001f2205981cc: ;   {poll_return}
  0x000001f2205981cc: 493b a750 | 0300 000f | 87ef 0000 | 00c3 498b | 87e0 0300 | 004d 33d2 | 4d89 97e0 | 0300 004d 
  0x000001f2205981ec: 33d2 4d89 | 97e8 0300 | 0048 8bf0 | 488d 8424 | e000 0000 | 488b 3848 | 85ff 0f84 | 0f00 0000 
  0x000001f22059820c: 488b 5808 | f048 0fb1 | 3b0f 85c3 | 0000 0048 | 8bc6 e9f0 

  0x000001f220598220: ;   {runtime_call throw_null_pointer_exception Runtime1 stub}
  0x000001f220598220: 0000 00e8 

  0x000001f220598224: ; ImmutableOopMap {[152]=Oop [160]=Oop rax=Oop [168]=Oop r8=Oop [144]=Oop }
                      ;*invokevirtual lastIndexOf {reexecute=0 rethrow=0 return_oop=0}
                      ; - jdk.internal.loader.BuiltinClassLoader::defineClass@8
  0x000001f220598224: f8a2 e3ff 

  0x000001f220598228: ;   {runtime_call throw_null_pointer_exception Runtime1 stub}
  0x000001f220598228: e8f3 a2e3 

  0x000001f22059822c: ; ImmutableOopMap {[152]=Oop [160]=Oop rax=Oop [168]=Oop r8=Oop [144]=Oop rsi=Oop }
                      ;*arraylength {reexecute=0 rethrow=0 return_oop=0}
                      ; - java.lang.String::length@4
                      ; - java.lang.String::lastIndexOf@3
                      ; - jdk.internal.loader.BuiltinClassLoader::defineClass@8
  0x000001f22059822c: ff4c 894c | 2408 4889 

  0x000001f220598234: ;   {runtime_call monitorenter_nofpu Runtime1 stub}
  0x000001f220598234: 1424 e8c5 

  0x000001f220598238: ; ImmutableOopMap {[160]=Oop [168]=Oop [144]=Oop r9=Oop [152]=Oop [232]=Oop }
                      ;*synchronization entry
                      ; - jdk.internal.loader.Resource::cachedInputStream@-1
                      ; - jdk.internal.loader.Resource::getByteBuffer@1
                      ; - jdk.internal.loader.BuiltinClassLoader::defineClass@45
  0x000001f220598238: d2e3 ffe9 | 58fc ffff | 418b 510c | 4883 fa00 | 0f84 84fc | ffff 4889 

  0x000001f220598250: ;   {runtime_call g1_pre_barrier_slow}
  0x000001f220598250: 1424 e8a9 | f9e3 ffe9 | 76fc ffff | 4883 f800 | 0f84 87fc | ffff 4c89 

  0x000001f220598268: ;   {runtime_call g1_post_barrier_slow}
  0x000001f220598268: 0c24 e891 | fce3 ffe9 | 79fc ffff | 488d 8424 | e000 0000 | 4889 0424 

  0x000001f220598280: ;   {runtime_call monitorexit_nofpu Runtime1 stub}
  0x000001f220598280: e87b d8e3 | ffe9 8afc | ffff 4889 

  0x000001f22059828c: ;   {runtime_call throw_class_cast_exception Runtime1 stub}
  0x000001f22059828c: 1424 e88d 

  0x000001f220598290: ; ImmutableOopMap {[160]=Oop [168]=Oop [144]=Oop [152]=Oop }
                      ;*checkcast {reexecute=0 rethrow=0 return_oop=0}
                      ; - jdk.internal.loader.Resource::getByteBuffer@13
                      ; - jdk.internal.loader.BuiltinClassLoader::defineClass@45
  0x000001f220598290: c6e3 ff48 

  0x000001f220598294: ;   {runtime_call fast_new_instance Runtime1 stub}
  0x000001f220598294: 8bd2 e865 

  0x000001f220598298: ; ImmutableOopMap {[160]=Oop [168]=Oop [144]=Oop [184]=Oop r9=Oop }
                      ;*new {reexecute=0 rethrow=0 return_oop=0}
                      ; - jdk.internal.loader.BuiltinClassLoader::defineClass@61
  0x000001f220598298: abe3 ffe9 | b6fd ffff 

  0x000001f2205982a0: ;   {internal_word}
  0x000001f2205982a0: 49ba b480 | 5920 f201 | 0000 4d89 | 9768 0300 

  0x000001f2205982b0: ;   {runtime_call SafepointBlob}
  0x000001f2205982b0: 00e9 4af7 | d9ff 488b 

  0x000001f2205982b8: ;   {runtime_call fast_new_instance Runtime1 stub}
  0x000001f2205982b8: d2e8 42ab 

  0x000001f2205982bc: ; ImmutableOopMap {[160]=Oop [144]=Oop [168]=Oop [200]=Oop r9=Oop }
                      ;*new {reexecute=0 rethrow=0 return_oop=0}
                      ; - jdk.internal.loader.BuiltinClassLoader::defineClass@95
  0x000001f2205982bc: e3ff e98b 

  0x000001f2205982c0: ;   {runtime_call throw_null_pointer_exception Runtime1 stub}
  0x000001f2205982c0: feff ffe8 

  0x000001f2205982c4: ; ImmutableOopMap {[160]=Oop [144]=Oop [208]=Oop rax=Oop [200]=Oop }
                      ;*arraylength {reexecute=0 rethrow=0 return_oop=0}
                      ; - jdk.internal.loader.BuiltinClassLoader::defineClass@114
  0x000001f2205982c4: 58a2 e3ff 

  0x000001f2205982c8: ;   {internal_word}
  0x000001f2205982c8: 49ba cc81 | 5920 f201 | 0000 4d89 | 9768 0300 

  0x000001f2205982d8: ;   {runtime_call SafepointBlob}
  0x000001f2205982d8: 00e9 22f7 | d9ff 488d | 8424 e000 | 0000 4889 

  0x000001f2205982e8: ;   {runtime_call monitorexit_nofpu Runtime1 stub}
  0x000001f2205982e8: 0424 e811 | d8e3 ffe9 | 27ff ffff | 9090 498b | 87e0 0300 | 0049 c787 | e003 0000 | 0000 0000 
  0x000001f220598308: 49c7 87e8 | 0300 0000 | 0000 0048 | 81c4 0001 

  0x000001f220598318: ;   {runtime_call unwind_exception Runtime1 stub}
  0x000001f220598318: 0000 5de9 | e092 e3ff 
[Stub Code]
  0x000001f220598320: ;   {no_reloc}
  0x000001f220598320: 0f1f 4400 

  0x000001f220598324: ;   {static_stub}
  0x000001f220598324: 0048 bb00 | 0000 0000 

  0x000001f22059832c: ;   {runtime_call}
  0x000001f22059832c: 0000 00e9 | fbff ffff 

  0x000001f220598334: ;   {static_stub}
  0x000001f220598334: 9048 bb00 | 0000 0000 

  0x000001f22059833c: ;   {runtime_call}
  0x000001f22059833c: 0000 00e9 | fbff ffff 

  0x000001f220598344: ;   {static_stub}
  0x000001f220598344: 9048 bb00 | 0000 0000 

  0x000001f22059834c: ;   {runtime_call}
  0x000001f22059834c: 0000 00e9 | fbff ffff 

  0x000001f220598354: ;   {static_stub}
  0x000001f220598354: 9048 bb00 | 0000 0000 

  0x000001f22059835c: ;   {runtime_call}
  0x000001f22059835c: 0000 00e9 | fbff ffff 

  0x000001f220598364: ;   {static_stub}
  0x000001f220598364: 9048 bb00 | 0000 0000 

  0x000001f22059836c: ;   {runtime_call}
  0x000001f22059836c: 0000 00e9 | fbff ffff 

  0x000001f220598374: ;   {static_stub}
  0x000001f220598374: 9048 bb00 | 0000 0000 

  0x000001f22059837c: ;   {runtime_call}
  0x000001f22059837c: 0000 00e9 | fbff ffff 

  0x000001f220598384: ;   {static_stub}
  0x000001f220598384: 9048 bb00 | 0000 0000 

  0x000001f22059838c: ;   {runtime_call}
  0x000001f22059838c: 0000 00e9 | fbff ffff 

  0x000001f220598394: ;   {static_stub}
  0x000001f220598394: 9048 bb00 | 0000 0000 

  0x000001f22059839c: ;   {runtime_call}
  0x000001f22059839c: 0000 00e9 | fbff ffff 

  0x000001f2205983a4: ;   {static_stub}
  0x000001f2205983a4: 9048 bb00 | 0000 0000 

  0x000001f2205983ac: ;   {runtime_call}
  0x000001f2205983ac: 0000 00e9 | fbff ffff 

  0x000001f2205983b4: ;   {static_stub}
  0x000001f2205983b4: 9048 bb00 | 0000 0000 

  0x000001f2205983bc: ;   {runtime_call}
  0x000001f2205983bc: 0000 00e9 | fbff ffff 

  0x000001f2205983c4: ;   {static_stub}
  0x000001f2205983c4: 9048 bb00 | 0000 0000 

  0x000001f2205983cc: ;   {runtime_call}
  0x000001f2205983cc: 0000 00e9 | fbff ffff 

  0x000001f2205983d4: ;   {static_stub}
  0x000001f2205983d4: 9048 bb00 | 0000 0000 

  0x000001f2205983dc: ;   {runtime_call}
  0x000001f2205983dc: 0000 00e9 | fbff ffff 

  0x000001f2205983e4: ;   {static_stub}
  0x000001f2205983e4: 9048 bb00 | 0000 0000 

  0x000001f2205983ec: ;   {runtime_call}
  0x000001f2205983ec: 0000 00e9 | fbff ffff 

  0x000001f2205983f4: ;   {static_stub}
  0x000001f2205983f4: 9048 bb00 | 0000 0000 

  0x000001f2205983fc: ;   {runtime_call}
  0x000001f2205983fc: 0000 00e9 | fbff ffff 

  0x000001f220598404: ;   {static_stub}
  0x000001f220598404: 9048 bb20 | 3c0c 29f2 

  0x000001f22059840c: ;   {runtime_call I2C/C2I adapters}
  0x000001f22059840c: 0100 00e9 | c455 d9ff 

  0x000001f220598414: ;   {static_stub}
  0x000001f220598414: 9048 bbb8 | 1e03 29f2 

  0x000001f22059841c: ;   {runtime_call I2C/C2I adapters}
  0x000001f22059841c: 0100 00e9 | 30e2 d9ff 

  0x000001f220598424: ;   {static_stub}
  0x000001f220598424: 9048 bbe0 | dc01 29f2 

  0x000001f22059842c: ;   {runtime_call I2C/C2I adapters}
  0x000001f22059842c: 0100 00e9 | aef2 d8ff 
[Exception Handler]
  0x000001f220598434: ;   {runtime_call handle_exception_from_callee Runtime1 stub}
  0x000001f220598434: e8c7 bee3 

  0x000001f220598438: ;   {external_word}
  0x000001f220598438: ff48 b930 | 9aeb c2f9 | 7f00 0048 

  0x000001f220598444: ;   {runtime_call}
  0x000001f220598444: 83e4 f049 | ba40 2bb4 | c2f9 7f00 | 0041 ffd2 

  0x000001f220598454: ;   {section_word}
  0x000001f220598454: f449 ba55 | 8459 20f2 | 0100 0041 

  0x000001f220598460: ;   {runtime_call DeoptimizationBlob}
  0x000001f220598460: 52e9 3ae8 | d9ff f4f4 
[/MachCode]


---------------  P R O C E S S  ---------------

Threads class SMR info:
_java_thread_list=0x000001f2287cde70, length=12, elements={
0x000001f21d64ce00, 0x000001f2284731d0, 0x000001f228474050, 0x000001f2285d2010,
0x000001f2285d2fb0, 0x000001f22849afe0, 0x000001f22849d5c0, 0x000001f22849fab0,
0x000001f2284b1eb0, 0x000001f2287ae380, 0x000001f2287be750, 0x000001f2287cdf90
}

Java Threads: ( => current thread )
=>0x000001f21d64ce00 JavaThread "main" [_thread_in_vm, id=14216, stack(0x000000b2dc700000,0x000000b2dc800000)]
  0x000001f2284731d0 JavaThread "Reference Handler" daemon [_thread_blocked, id=8856, stack(0x000000b2dce00000,0x000000b2dcf00000)]
  0x000001f228474050 JavaThread "Finalizer" daemon [_thread_blocked, id=23352, stack(0x000000b2dcf00000,0x000000b2dd000000)]
  0x000001f2285d2010 JavaThread "Signal Dispatcher" daemon [_thread_blocked, id=19084, stack(0x000000b2dd000000,0x000000b2dd100000)]
  0x000001f2285d2fb0 JavaThread "Attach Listener" daemon [_thread_blocked, id=9272, stack(0x000000b2dd100000,0x000000b2dd200000)]
  0x000001f22849afe0 JavaThread "Service Thread" daemon [_thread_blocked, id=19156, stack(0x000000b2dd200000,0x000000b2dd300000)]
  0x000001f22849d5c0 JavaThread "Monitor Deflation Thread" daemon [_thread_blocked, id=15160, stack(0x000000b2dd300000,0x000000b2dd400000)]
  0x000001f22849fab0 JavaThread "C1 CompilerThread0" daemon [_thread_blocked, id=14044, stack(0x000000b2dd400000,0x000000b2dd500000)]
  0x000001f2284b1eb0 JavaThread "Sweeper thread" daemon [_thread_blocked, id=20648, stack(0x000000b2dd500000,0x000000b2dd600000)]
  0x000001f2287ae380 JavaThread "C1 CompilerThread1" daemon [_thread_blocked, id=15776, stack(0x000000b2dd600000,0x000000b2dd700000)]
  0x000001f2287be750 JavaThread "Notification Thread" daemon [_thread_blocked, id=20316, stack(0x000000b2dd700000,0x000000b2dd800000)]
  0x000001f2287cdf90 JavaThread "Common-Cleaner" daemon [_thread_blocked, id=9964, stack(0x000000b2dd900000,0x000000b2dda00000)]

Other Threads:
  0x000001f22845d0f0 VMThread "VM Thread" [stack: 0x000000b2dcd00000,0x000000b2dce00000] [id=22268]
  0x000001f2287bf440 WatcherThread [stack: 0x000000b2dd800000,0x000000b2dd900000] [id=19868]
  0x000001f21d688250 GCTaskThread "GC Thread#0" [stack: 0x000000b2dc800000,0x000000b2dc900000] [id=14236]
  0x000001f22d932be0 GCTaskThread "GC Thread#1" [stack: 0x000000b2dda00000,0x000000b2ddb00000] [id=18800]
  0x000001f22d934ef0 GCTaskThread "GC Thread#2" [stack: 0x000000b2ddb00000,0x000000b2ddc00000] [id=20456]
  0x000001f22d9351b0 GCTaskThread "GC Thread#3" [stack: 0x000000b2ddc00000,0x000000b2ddd00000] [id=6428]
  0x000001f22db3e0a0 GCTaskThread "GC Thread#4" [stack: 0x000000b2ddd00000,0x000000b2dde00000] [id=17180]
  0x000001f21d6911a0 ConcurrentGCThread "G1 Main Marker" [stack: 0x000000b2dc900000,0x000000b2dca00000] [id=8924]
  0x000001f21d691bc0 ConcurrentGCThread "G1 Conc#0" [stack: 0x000000b2dca00000,0x000000b2dcb00000] [id=14392]
  0x000001f2282d0090 ConcurrentGCThread "G1 Refine#0" [stack: 0x000000b2dcb00000,0x000000b2dcc00000] [id=9632]
  0x000001f2282d08d0 ConcurrentGCThread "G1 Service" [stack: 0x000000b2dcc00000,0x000000b2dcd00000] [id=19112]

Threads with active compile tasks:

VM state: not at safepoint (normal execution)

VM Mutex/Monitor currently owned by a thread:  ([mutex/lock_event])
[0x000001f21d6469f0] Metaspace_lock - owner thread: 0x000001f21d64ce00

Heap address: 0x00000000c0000000, size: 1024 MB, Compressed Oops mode: 32-bit

CDS archive(s) not mapped
Compressed class space mapped at: 0x0000000100000000-0x0000000140000000, reserved size: 1073741824
Narrow klass base: 0x0000000000000000, Narrow klass shift: 3, Narrow klass range: 0x140000000

GC Precious Log:
 CPUs: 8 total, 8 available
 Memory: 6030M
 Large Page Support: Disabled
 NUMA Support: Disabled
 Compressed Oops: Enabled (32-bit)
 Heap Region Size: 1M
 Heap Min Capacity: 8M
 Heap Initial Capacity: 96M
 Heap Max Capacity: 1G
 Pre-touch: Disabled
 Parallel Workers: 8
 Concurrent Workers: 2
 Concurrent Refinement Workers: 8
 Periodic GC: Disabled

Heap:
 garbage-first heap   total 98304K, used 17512K [0x00000000c0000000, 0x0000000100000000)
  region size 1024K, 3 young (3072K), 2 survivors (2048K)
 Metaspace       used 13749K, committed 13888K, reserved 1114112K
  class space    used 1697K, committed 1792K, reserved 1048576K

Heap Regions: E=young(eden), S=young(survivor), O=old, HS=humongous(starts), HC=humongous(continues), CS=collection set, F=free, OA=open archive, CA=closed archive, TAMS=top-at-mark-start (previous, next)
|   0|0x00000000c0000000, 0x00000000c0100000, 0x00000000c0100000|100%|HS|  |TAMS 0x00000000c0000000, 0x00000000c0000000| Complete 
|   1|0x00000000c0100000, 0x00000000c0200000, 0x00000000c0200000|100%|HC|  |TAMS 0x00000000c0100000, 0x00000000c0100000| Complete 
|   2|0x00000000c0200000, 0x00000000c0300000, 0x00000000c0300000|100%|HC|  |TAMS 0x00000000c0200000, 0x00000000c0200000| Complete 
|   3|0x00000000c0300000, 0x00000000c0400000, 0x00000000c0400000|100%|HC|  |TAMS 0x00000000c0300000, 0x00000000c0300000| Complete 
|   4|0x00000000c0400000, 0x00000000c0500000, 0x00000000c0500000|100%|HS|  |TAMS 0x00000000c0400000, 0x00000000c0400000| Complete 
|   5|0x00000000c0500000, 0x00000000c0600000, 0x00000000c0600000|100%|HC|  |TAMS 0x00000000c0500000, 0x00000000c0500000| Complete 
|   6|0x00000000c0600000, 0x00000000c0700000, 0x00000000c0700000|100%| O|  |TAMS 0x00000000c0600000, 0x00000000c0600000| Untracked 
|   7|0x00000000c0700000, 0x00000000c0800000, 0x00000000c0800000|100%| O|  |TAMS 0x00000000c0700000, 0x00000000c0700000| Untracked 
|   8|0x00000000c0800000, 0x00000000c0900000, 0x00000000c0900000|100%| O|  |TAMS 0x00000000c0800000, 0x00000000c0800000| Untracked 
|   9|0x00000000c0900000, 0x00000000c0a00000, 0x00000000c0a00000|100%| O|  |TAMS 0x00000000c0900000, 0x00000000c0900000| Untracked 
|  10|0x00000000c0a00000, 0x00000000c0b00000, 0x00000000c0b00000|100%| O|  |TAMS 0x00000000c0a00000, 0x00000000c0a00000| Untracked 
|  11|0x00000000c0b00000, 0x00000000c0c00000, 0x00000000c0c00000|100%| O|  |TAMS 0x00000000c0b00000, 0x00000000c0b00000| Untracked 
|  12|0x00000000c0c00000, 0x00000000c0d00000, 0x00000000c0d00000|100%| O|  |TAMS 0x00000000c0c00000, 0x00000000c0c00000| Untracked 
|  13|0x00000000c0d00000, 0x00000000c0e00000, 0x00000000c0e00000|100%| O|  |TAMS 0x00000000c0d00000, 0x00000000c0d00000| Untracked 
|  14|0x00000000c0e00000, 0x00000000c0f00000, 0x00000000c0f00000|100%| O|  |TAMS 0x00000000c0e00000, 0x00000000c0e00000| Untracked 
|  15|0x00000000c0f00000, 0x00000000c0f70200, 0x00000000c1000000| 43%| O|  |TAMS 0x00000000c0f00000, 0x00000000c0f00000| Untracked 
|  16|0x00000000c1000000, 0x00000000c1000000, 0x00000000c1100000|  0%| F|  |TAMS 0x00000000c1000000, 0x00000000c1000000| Untracked 
|  17|0x00000000c1100000, 0x00000000c1100000, 0x00000000c1200000|  0%| F|  |TAMS 0x00000000c1100000, 0x00000000c1100000| Untracked 
|  18|0x00000000c1200000, 0x00000000c1200000, 0x00000000c1300000|  0%| F|  |TAMS 0x00000000c1200000, 0x00000000c1200000| Untracked 
|  19|0x00000000c1300000, 0x00000000c1300000, 0x00000000c1400000|  0%| F|  |TAMS 0x00000000c1300000, 0x00000000c1300000| Untracked 
|  20|0x00000000c1400000, 0x00000000c1400000, 0x00000000c1500000|  0%| F|  |TAMS 0x00000000c1400000, 0x00000000c1400000| Untracked 
|  21|0x00000000c1500000, 0x00000000c1500000, 0x00000000c1600000|  0%| F|  |TAMS 0x00000000c1500000, 0x00000000c1500000| Untracked 
|  22|0x00000000c1600000, 0x00000000c1600000, 0x00000000c1700000|  0%| F|  |TAMS 0x00000000c1600000, 0x00000000c1600000| Untracked 
|  23|0x00000000c1700000, 0x00000000c1700000, 0x00000000c1800000|  0%| F|  |TAMS 0x00000000c1700000, 0x00000000c1700000| Untracked 
|  24|0x00000000c1800000, 0x00000000c1800000, 0x00000000c1900000|  0%| F|  |TAMS 0x00000000c1800000, 0x00000000c1800000| Untracked 
|  25|0x00000000c1900000, 0x00000000c1900000, 0x00000000c1a00000|  0%| F|  |TAMS 0x00000000c1900000, 0x00000000c1900000| Untracked 
|  26|0x00000000c1a00000, 0x00000000c1a00000, 0x00000000c1b00000|  0%| F|  |TAMS 0x00000000c1a00000, 0x00000000c1a00000| Untracked 
|  27|0x00000000c1b00000, 0x00000000c1b00000, 0x00000000c1c00000|  0%| F|  |TAMS 0x00000000c1b00000, 0x00000000c1b00000| Untracked 
|  28|0x00000000c1c00000, 0x00000000c1c00000, 0x00000000c1d00000|  0%| F|  |TAMS 0x00000000c1c00000, 0x00000000c1c00000| Untracked 
|  29|0x00000000c1d00000, 0x00000000c1d00000, 0x00000000c1e00000|  0%| F|  |TAMS 0x00000000c1d00000, 0x00000000c1d00000| Untracked 
|  30|0x00000000c1e00000, 0x00000000c1e00000, 0x00000000c1f00000|  0%| F|  |TAMS 0x00000000c1e00000, 0x00000000c1e00000| Untracked 
|  31|0x00000000c1f00000, 0x00000000c1f00000, 0x00000000c2000000|  0%| F|  |TAMS 0x00000000c1f00000, 0x00000000c1f00000| Untracked 
|  32|0x00000000c2000000, 0x00000000c2000000, 0x00000000c2100000|  0%| F|  |TAMS 0x00000000c2000000, 0x00000000c2000000| Untracked 
|  33|0x00000000c2100000, 0x00000000c2100000, 0x00000000c2200000|  0%| F|  |TAMS 0x00000000c2100000, 0x00000000c2100000| Untracked 
|  34|0x00000000c2200000, 0x00000000c2200000, 0x00000000c2300000|  0%| F|  |TAMS 0x00000000c2200000, 0x00000000c2200000| Untracked 
|  35|0x00000000c2300000, 0x00000000c2300000, 0x00000000c2400000|  0%| F|  |TAMS 0x00000000c2300000, 0x00000000c2300000| Untracked 
|  36|0x00000000c2400000, 0x00000000c2400000, 0x00000000c2500000|  0%| F|  |TAMS 0x00000000c2400000, 0x00000000c2400000| Untracked 
|  37|0x00000000c2500000, 0x00000000c2500000, 0x00000000c2600000|  0%| F|  |TAMS 0x00000000c2500000, 0x00000000c2500000| Untracked 
|  38|0x00000000c2600000, 0x00000000c2600000, 0x00000000c2700000|  0%| F|  |TAMS 0x00000000c2600000, 0x00000000c2600000| Untracked 
|  39|0x00000000c2700000, 0x00000000c2700000, 0x00000000c2800000|  0%| F|  |TAMS 0x00000000c2700000, 0x00000000c2700000| Untracked 
|  40|0x00000000c2800000, 0x00000000c2800000, 0x00000000c2900000|  0%| F|  |TAMS 0x00000000c2800000, 0x00000000c2800000| Untracked 
|  41|0x00000000c2900000, 0x00000000c2900000, 0x00000000c2a00000|  0%| F|  |TAMS 0x00000000c2900000, 0x00000000c2900000| Untracked 
|  42|0x00000000c2a00000, 0x00000000c2a00000, 0x00000000c2b00000|  0%| F|  |TAMS 0x00000000c2a00000, 0x00000000c2a00000| Untracked 
|  43|0x00000000c2b00000, 0x00000000c2b00000, 0x00000000c2c00000|  0%| F|  |TAMS 0x00000000c2b00000, 0x00000000c2b00000| Untracked 
|  44|0x00000000c2c00000, 0x00000000c2c00000, 0x00000000c2d00000|  0%| F|  |TAMS 0x00000000c2c00000, 0x00000000c2c00000| Untracked 
|  45|0x00000000c2d00000, 0x00000000c2d00000, 0x00000000c2e00000|  0%| F|  |TAMS 0x00000000c2d00000, 0x00000000c2d00000| Untracked 
|  46|0x00000000c2e00000, 0x00000000c2e00000, 0x00000000c2f00000|  0%| F|  |TAMS 0x00000000c2e00000, 0x00000000c2e00000| Untracked 
|  47|0x00000000c2f00000, 0x00000000c2f00000, 0x00000000c3000000|  0%| F|  |TAMS 0x00000000c2f00000, 0x00000000c2f00000| Untracked 
|  48|0x00000000c3000000, 0x00000000c3000000, 0x00000000c3100000|  0%| F|  |TAMS 0x00000000c3000000, 0x00000000c3000000| Untracked 
|  49|0x00000000c3100000, 0x00000000c3100000, 0x00000000c3200000|  0%| F|  |TAMS 0x00000000c3100000, 0x00000000c3100000| Untracked 
|  50|0x00000000c3200000, 0x00000000c3200000, 0x00000000c3300000|  0%| F|  |TAMS 0x00000000c3200000, 0x00000000c3200000| Untracked 
|  51|0x00000000c3300000, 0x00000000c3300000, 0x00000000c3400000|  0%| F|  |TAMS 0x00000000c3300000, 0x00000000c3300000| Untracked 
|  52|0x00000000c3400000, 0x00000000c3400000, 0x00000000c3500000|  0%| F|  |TAMS 0x00000000c3400000, 0x00000000c3400000| Untracked 
|  53|0x00000000c3500000, 0x00000000c3500000, 0x00000000c3600000|  0%| F|  |TAMS 0x00000000c3500000, 0x00000000c3500000| Untracked 
|  54|0x00000000c3600000, 0x00000000c3600000, 0x00000000c3700000|  0%| F|  |TAMS 0x00000000c3600000, 0x00000000c3600000| Untracked 
|  55|0x00000000c3700000, 0x00000000c3700000, 0x00000000c3800000|  0%| F|  |TAMS 0x00000000c3700000, 0x00000000c3700000| Untracked 
|  56|0x00000000c3800000, 0x00000000c3800000, 0x00000000c3900000|  0%| F|  |TAMS 0x00000000c3800000, 0x00000000c3800000| Untracked 
|  57|0x00000000c3900000, 0x00000000c3900000, 0x00000000c3a00000|  0%| F|  |TAMS 0x00000000c3900000, 0x00000000c3900000| Untracked 
|  58|0x00000000c3a00000, 0x00000000c3a00000, 0x00000000c3b00000|  0%| F|  |TAMS 0x00000000c3a00000, 0x00000000c3a00000| Untracked 
|  59|0x00000000c3b00000, 0x00000000c3b00000, 0x00000000c3c00000|  0%| F|  |TAMS 0x00000000c3b00000, 0x00000000c3b00000| Untracked 
|  60|0x00000000c3c00000, 0x00000000c3c00000, 0x00000000c3d00000|  0%| F|  |TAMS 0x00000000c3c00000, 0x00000000c3c00000| Untracked 
|  61|0x00000000c3d00000, 0x00000000c3d00000, 0x00000000c3e00000|  0%| F|  |TAMS 0x00000000c3d00000, 0x00000000c3d00000| Untracked 
|  62|0x00000000c3e00000, 0x00000000c3e00000, 0x00000000c3f00000|  0%| F|  |TAMS 0x00000000c3e00000, 0x00000000c3e00000| Untracked 
|  63|0x00000000c3f00000, 0x00000000c3f00000, 0x00000000c4000000|  0%| F|  |TAMS 0x00000000c3f00000, 0x00000000c3f00000| Untracked 
|  64|0x00000000c4000000, 0x00000000c4000000, 0x00000000c4100000|  0%| F|  |TAMS 0x00000000c4000000, 0x00000000c4000000| Untracked 
|  65|0x00000000c4100000, 0x00000000c4100000, 0x00000000c4200000|  0%| F|  |TAMS 0x00000000c4100000, 0x00000000c4100000| Untracked 
|  66|0x00000000c4200000, 0x00000000c4200000, 0x00000000c4300000|  0%| F|  |TAMS 0x00000000c4200000, 0x00000000c4200000| Untracked 
|  67|0x00000000c4300000, 0x00000000c4300000, 0x00000000c4400000|  0%| F|  |TAMS 0x00000000c4300000, 0x00000000c4300000| Untracked 
|  68|0x00000000c4400000, 0x00000000c44a9e48, 0x00000000c4500000| 66%| S|CS|TAMS 0x00000000c4400000, 0x00000000c4400000| Complete 
|  69|0x00000000c4500000, 0x00000000c4600000, 0x00000000c4600000|100%| S|CS|TAMS 0x00000000c4500000, 0x00000000c4500000| Complete 
|  70|0x00000000c4600000, 0x00000000c4600000, 0x00000000c4700000|  0%| F|  |TAMS 0x00000000c4600000, 0x00000000c4600000| Untracked 
|  71|0x00000000c4700000, 0x00000000c4700000, 0x00000000c4800000|  0%| F|  |TAMS 0x00000000c4700000, 0x00000000c4700000| Untracked 
|  72|0x00000000c4800000, 0x00000000c4800000, 0x00000000c4900000|  0%| F|  |TAMS 0x00000000c4800000, 0x00000000c4800000| Untracked 
|  73|0x00000000c4900000, 0x00000000c4900000, 0x00000000c4a00000|  0%| F|  |TAMS 0x00000000c4900000, 0x00000000c4900000| Untracked 
|  74|0x00000000c4a00000, 0x00000000c4a00000, 0x00000000c4b00000|  0%| F|  |TAMS 0x00000000c4a00000, 0x00000000c4a00000| Untracked 
|  75|0x00000000c4b00000, 0x00000000c4b00000, 0x00000000c4c00000|  0%| F|  |TAMS 0x00000000c4b00000, 0x00000000c4b00000| Untracked 
|  76|0x00000000c4c00000, 0x00000000c4c00000, 0x00000000c4d00000|  0%| F|  |TAMS 0x00000000c4c00000, 0x00000000c4c00000| Untracked 
|  77|0x00000000c4d00000, 0x00000000c4d00000, 0x00000000c4e00000|  0%| F|  |TAMS 0x00000000c4d00000, 0x00000000c4d00000| Untracked 
|  78|0x00000000c4e00000, 0x00000000c4e00000, 0x00000000c4f00000|  0%| F|  |TAMS 0x00000000c4e00000, 0x00000000c4e00000| Untracked 
|  79|0x00000000c4f00000, 0x00000000c4f00000, 0x00000000c5000000|  0%| F|  |TAMS 0x00000000c4f00000, 0x00000000c4f00000| Untracked 
|  80|0x00000000c5000000, 0x00000000c5000000, 0x00000000c5100000|  0%| F|  |TAMS 0x00000000c5000000, 0x00000000c5000000| Untracked 
|  81|0x00000000c5100000, 0x00000000c5100000, 0x00000000c5200000|  0%| F|  |TAMS 0x00000000c5100000, 0x00000000c5100000| Untracked 
|  82|0x00000000c5200000, 0x00000000c5200000, 0x00000000c5300000|  0%| F|  |TAMS 0x00000000c5200000, 0x00000000c5200000| Untracked 
|  83|0x00000000c5300000, 0x00000000c5300000, 0x00000000c5400000|  0%| F|  |TAMS 0x00000000c5300000, 0x00000000c5300000| Untracked 
|  84|0x00000000c5400000, 0x00000000c5400000, 0x00000000c5500000|  0%| F|  |TAMS 0x00000000c5400000, 0x00000000c5400000| Untracked 
|  85|0x00000000c5500000, 0x00000000c5500000, 0x00000000c5600000|  0%| F|  |TAMS 0x00000000c5500000, 0x00000000c5500000| Untracked 
|  86|0x00000000c5600000, 0x00000000c5600000, 0x00000000c5700000|  0%| F|  |TAMS 0x00000000c5600000, 0x00000000c5600000| Untracked 
|  87|0x00000000c5700000, 0x00000000c5700000, 0x00000000c5800000|  0%| F|  |TAMS 0x00000000c5700000, 0x00000000c5700000| Untracked 
|  88|0x00000000c5800000, 0x00000000c5800000, 0x00000000c5900000|  0%| F|  |TAMS 0x00000000c5800000, 0x00000000c5800000| Untracked 
|  89|0x00000000c5900000, 0x00000000c5900000, 0x00000000c5a00000|  0%| F|  |TAMS 0x00000000c5900000, 0x00000000c5900000| Untracked 
|  90|0x00000000c5a00000, 0x00000000c5a00000, 0x00000000c5b00000|  0%| F|  |TAMS 0x00000000c5a00000, 0x00000000c5a00000| Untracked 
|  91|0x00000000c5b00000, 0x00000000c5b00000, 0x00000000c5c00000|  0%| F|  |TAMS 0x00000000c5b00000, 0x00000000c5b00000| Untracked 
|  92|0x00000000c5c00000, 0x00000000c5c00000, 0x00000000c5d00000|  0%| F|  |TAMS 0x00000000c5c00000, 0x00000000c5c00000| Untracked 
|  93|0x00000000c5d00000, 0x00000000c5d00000, 0x00000000c5e00000|  0%| F|  |TAMS 0x00000000c5d00000, 0x00000000c5d00000| Untracked 
|  94|0x00000000c5e00000, 0x00000000c5e00000, 0x00000000c5f00000|  0%| F|  |TAMS 0x00000000c5e00000, 0x00000000c5e00000| Untracked 
|  95|0x00000000c5f00000, 0x00000000c6000000, 0x00000000c6000000|100%| E|  |TAMS 0x00000000c5f00000, 0x00000000c5f00000| Complete 

Card table byte_map: [0x000001f2235f0000,0x000001f2237f0000] _byte_map_base: 0x000001f222ff0000

Marking Bits (Prev, Next): (CMBitMap*) 0x000001f21d688870, (CMBitMap*) 0x000001f21d6888b0
 Prev Bits: [0x000001f2239f0000, 0x000001f2249f0000)
 Next Bits: [0x000001f2249f0000, 0x000001f2259f0000)

Polling page: 0x000001f21ce00000

Metaspace:

Usage:
  Non-class:     11.77 MB used.
      Class:      1.66 MB used.
       Both:     13.43 MB used.

Virtual space:
  Non-class space:       64.00 MB reserved,      11.81 MB ( 18%) committed,  1 nodes.
      Class space:        1.00 GB reserved,       1.75 MB ( <1%) committed,  1 nodes.
             Both:        1.06 GB reserved,      13.56 MB (  1%) committed. 

Chunk freelists:
   Non-Class:  3.92 MB
       Class:  14.27 MB
        Both:  18.19 MB

MaxMetaspaceSize: unlimited
CompressedClassSpaceSize: 1.00 GB
Initial GC threshold: 21.00 MB
Current GC threshold: 21.00 MB
CDS: off
MetaspaceReclaimPolicy: balanced
 - commit_granule_bytes: 65536.
 - commit_granule_words: 8192.
 - virtual_space_node_default_size: 8388608.
 - enlarge_chunks_in_place: 1.
 - new_chunks_are_fully_committed: 0.
 - uncommit_free_chunks: 1.
 - use_allocation_guard: 0.
 - handle_deallocations: 1.


Internal statistics:

num_allocs_failed_limit: 0.
num_arena_births: 118.
num_arena_deaths: 0.
num_vsnodes_births: 2.
num_vsnodes_deaths: 0.
num_space_committed: 217.
num_space_uncommitted: 0.
num_chunks_returned_to_freelist: 0.
num_chunks_taken_from_freelist: 347.
num_chunk_merges: 0.
num_chunk_splits: 234.
num_chunks_enlarged: 189.
num_inconsistent_stats: 0.

CodeCache: size=49152Kb used=3415Kb max_used=3415Kb free=45736Kb
 bounds [0x000001f2202e0000, 0x000001f220640000, 0x000001f2232e0000]
 total_blobs=1580 nmethods=1160 adapters=347
 compilation: enabled
              stopped_count=0, restarted_count=0
 full_count=0

Compilation events (20 events):
Event: 3.675 Thread 0x000001f2287ae380 nmethod 1148 0x000001f220630990 code [0x000001f220630b20, 0x000001f220630bf8]
Event: 3.676 Thread 0x000001f22849fab0 nmethod 1144 0x000001f220630c90 code [0x000001f220630fc0, 0x000001f220631e08]
Event: 3.677 Thread 0x000001f22849fab0 1151       1       org.springframework.core.ResolvableType$DefaultVariableResolver::getSource (5 bytes)
Event: 3.677 Thread 0x000001f22849fab0 nmethod 1151 0x000001f220632810 code [0x000001f2206329a0, 0x000001f220632a78]
Event: 3.700 Thread 0x000001f22849fab0 1152       1       org.springframework.boot.convert.ApplicationConversionService::assertModifiable (18 bytes)
Event: 3.700 Thread 0x000001f22849fab0 nmethod 1152 0x000001f220632b10 code [0x000001f220632ca0, 0x000001f220632e08]
Event: 3.705 Thread 0x000001f22849fab0 1153       1       ch.qos.logback.classic.Logger::getName (5 bytes)
Event: 3.705 Thread 0x000001f22849fab0 nmethod 1153 0x000001f220632f10 code [0x000001f2206330a0, 0x000001f220633178]
Event: 3.705 Thread 0x000001f22849fab0 1154       1       java.lang.invoke.DirectMethodHandle::preparedLambdaForm (6 bytes)
Event: 3.705 Thread 0x000001f22849fab0 nmethod 1154 0x000001f220633210 code [0x000001f2206333a0, 0x000001f220633468]
Event: 3.705 Thread 0x000001f22849fab0 1155   !   1       java.lang.invoke.MethodHandle::setVarargs (25 bytes)
Event: 3.706 Thread 0x000001f22849fab0 nmethod 1155 0x000001f220633510 code [0x000001f2206336c0, 0x000001f2206338f8]
Event: 3.706 Thread 0x000001f22849fab0 1156       1       java.lang.invoke.MemberName::isVarargs (23 bytes)
Event: 3.706 Thread 0x000001f22849fab0 nmethod 1156 0x000001f220633a10 code [0x000001f220633ba0, 0x000001f220633cf8]
Event: 3.764 Thread 0x000001f22849fab0 1158       1       java.lang.ref.Reference::enqueueFromPending (19 bytes)
Event: 3.764 Thread 0x000001f2287ae380 1159   !   1       java.lang.ref.ReferenceQueue::enqueue (119 bytes)
Event: 3.764 Thread 0x000001f22849fab0 nmethod 1158 0x000001f220634a90 code [0x000001f220634c20, 0x000001f220634d28]
Event: 3.765 Thread 0x000001f2287ae380 nmethod 1159 0x000001f220634d90 code [0x000001f220634f60, 0x000001f2206353a8]
Event: 3.777 Thread 0x000001f2287ae380 1160       1       java.lang.ref.ReferenceQueue::reallyPoll (65 bytes)
Event: 3.778 Thread 0x000001f2287ae380 nmethod 1160 0x000001f220635810 code [0x000001f2206359c0, 0x000001f220635cb8]

GC Heap History (4 events):
Event: 2.508 GC heap before
{Heap before GC invocations=0 (full 0):
 garbage-first heap   total 98304K, used 28672K [0x00000000c0000000, 0x0000000100000000)
  region size 1024K, 23 young (23552K), 0 survivors (0K)
 Metaspace       used 7852K, committed 8000K, reserved 1114112K
  class space    used 837K, committed 896K, reserved 1048576K
}
Event: 2.522 GC heap after
{Heap after GC invocations=1 (full 0):
 garbage-first heap   total 98304K, used 15712K [0x00000000c0000000, 0x0000000100000000)
  region size 1024K, 3 young (3072K), 3 survivors (3072K)
 Metaspace       used 7852K, committed 8000K, reserved 1114112K
  class space    used 837K, committed 896K, reserved 1048576K
}
Event: 3.753 GC heap before
{Heap before GC invocations=1 (full 0):
 garbage-first heap   total 98304K, used 39264K [0x00000000c0000000, 0x0000000100000000)
  region size 1024K, 26 young (26624K), 3 survivors (3072K)
 Metaspace       used 13668K, committed 13888K, reserved 1114112K
  class space    used 1685K, committed 1792K, reserved 1048576K
}
Event: 3.764 GC heap after
{Heap after GC invocations=2 (full 0):
 garbage-first heap   total 98304K, used 17512K [0x00000000c0000000, 0x0000000100000000)
  region size 1024K, 2 young (2048K), 2 survivors (2048K)
 Metaspace       used 13668K, committed 13888K, reserved 1114112K
  class space    used 1685K, committed 1792K, reserved 1048576K
}

Dll operation events (5 events):
Event: 0.030 Loaded shared library c:\Users\Dell\.vscode\extensions\redhat.java-1.31.0-win32-x64\jre\17.0.11-win32-x86_64\bin\java.dll
Event: 1.280 Loaded shared library C:\Users\Dell\.vscode\extensions\redhat.java-1.31.0-win32-x64\jre\17.0.11-win32-x86_64\bin\net.dll
Event: 1.286 Loaded shared library C:\Users\Dell\.vscode\extensions\redhat.java-1.31.0-win32-x64\jre\17.0.11-win32-x86_64\bin\nio.dll
Event: 1.305 Loaded shared library C:\Users\Dell\.vscode\extensions\redhat.java-1.31.0-win32-x64\jre\17.0.11-win32-x86_64\bin\zip.dll
Event: 1.998 Loaded shared library C:\Users\Dell\.vscode\extensions\redhat.java-1.31.0-win32-x64\jre\17.0.11-win32-x86_64\bin\jimage.dll

Deoptimization events (0 events):
No events

Classes unloaded (0 events):
No events

Classes redefined (0 events):
No events

Internal exceptions (17 events):
Event: 2.187 Thread 0x000001f21d64ce00 Exception <a 'java/lang/ClassNotFoundException'{0x00000000c4fdea50}: javax/smartcardio/CardPermission> (0x00000000c4fdea50) 
thrown [s\src\hotspot\share\classfile\systemDictionary.cpp, line 256]
Event: 2.192 Thread 0x000001f21d64ce00 Exception <a 'java/io/FileNotFoundException'{0x00000000c4fecf98}> (0x00000000c4fecf98) 
thrown [s\src\hotspot\share\prims\jni.cpp, line 516]
Event: 2.231 Thread 0x000001f21d64ce00 Exception <a 'java/lang/NoSuchMethodError'{0x00000000c4e829c0}: 'java.lang.Object java.lang.invoke.DirectMethodHandle$Holder.invokeSpecial(java.lang.Object, java.lang.Object, java.lang.Object, long, java.lang.Object)'> (0x00000000c4e829c0) 
thrown [s\src\hotspot\share\interpreter\linkResolver.cpp, line 759]
Event: 2.232 Thread 0x000001f21d64ce00 Exception <a 'java/lang/NoSuchMethodError'{0x00000000c4e86660}: 'java.lang.Object java.lang.invoke.Invokers$Holder.linkToTargetMethod(java.lang.Object, long, java.lang.Object, java.lang.Object)'> (0x00000000c4e86660) 
thrown [s\src\hotspot\share\interpreter\linkResolver.cpp, line 759]
Event: 2.266 Thread 0x000001f21d64ce00 Exception <a 'java/lang/NoSuchMethodError'{0x00000000c4d70e20}: 'void java.lang.invoke.DirectMethodHandle$Holder.invokeStatic(java.lang.Object, java.lang.Object, java.lang.Object)'> (0x00000000c4d70e20) 
thrown [s\src\hotspot\share\interpreter\linkResolver.cpp, line 759]
Event: 2.702 Thread 0x000001f21d64ce00 Exception <a 'java/lang/NoSuchMethodError'{0x00000000c5e61be0}: 'void java.lang.invoke.DirectMethodHandle$Holder.invokeSpecialIFC(java.lang.Object, java.lang.Object, java.lang.Object, java.lang.Object, java.lang.Object)'> (0x00000000c5e61be0) 
thrown [s\src\hotspot\share\interpreter\linkResolver.cpp, line 759]
Event: 2.704 Thread 0x000001f21d64ce00 Exception <a 'java/lang/NoSuchMethodError'{0x00000000c5e69fb8}: 'void java.lang.invoke.DirectMethodHandle$Holder.invokeStatic(java.lang.Object, java.lang.Object, java.lang.Object, java.lang.Object)'> (0x00000000c5e69fb8) 
thrown [s\src\hotspot\share\interpreter\linkResolver.cpp, line 759]
Event: 2.709 Thread 0x000001f21d64ce00 Exception <a 'java/lang/NoSuchMethodError'{0x00000000c5e759e8}: 'int java.lang.invoke.DirectMethodHandle$Holder.invokeSpecial(java.lang.Object, java.lang.Object, java.lang.Object)'> (0x00000000c5e759e8) 
thrown [s\src\hotspot\share\interpreter\linkResolver.cpp, line 759]
Event: 2.784 Thread 0x000001f21d64ce00 Exception <a 'java/lang/NoSuchMethodError'{0x00000000c5dbb448}: 'java.lang.Object java.lang.invoke.DirectMethodHandle$Holder.invokeStaticInit(java.lang.Object, java.lang.Object, java.lang.Object)'> (0x00000000c5dbb448) 
thrown [s\src\hotspot\share\interpreter\linkResolver.cpp, line 759]
Event: 3.298 Thread 0x000001f21d64ce00 Exception <a 'java/lang/NoSuchMethodError'{0x00000000c54caaf8}: 'int java.lang.invoke.DirectMethodHandle$Holder.invokeStaticInit(java.lang.Object, java.lang.Object)'> (0x00000000c54caaf8) 
thrown [s\src\hotspot\share\interpreter\linkResolver.cpp, line 759]
Event: 3.317 Thread 0x000001f21d64ce00 Exception <a 'java/lang/NoSuchMethodError'{0x00000000c5346100}: 'void java.lang.invoke.DirectMethodHandle$Holder.invokeInterface(java.lang.Object, java.lang.Object, java.lang.Object, java.lang.Object)'> (0x00000000c5346100) 
thrown [s\src\hotspot\share\interpreter\linkResolver.cpp, line 759]
Event: 3.388 Thread 0x000001f21d64ce00 Exception <a 'java/lang/NoSuchMethodError'{0x00000000c519a4e0}: 'java.lang.Object java.lang.invoke.DirectMethodHandle$Holder.invokeInterface(java.lang.Object, java.lang.Object)'> (0x00000000c519a4e0) 
thrown [s\src\hotspot\share\interpreter\linkResolver.cpp, line 759]
Event: 3.405 Thread 0x000001f21d64ce00 Exception <a 'java/lang/NoSuchMethodError'{0x00000000c5010388}: 'java.lang.Object java.lang.invoke.DirectMethodHandle$Holder.invokeSpecialIFC(java.lang.Object, java.lang.Object, java.lang.Object, java.lang.Object)'> (0x00000000c5010388) 
thrown [s\src\hotspot\share\interpreter\linkResolver.cpp, line 759]
Event: 3.412 Thread 0x000001f21d64ce00 Exception <a 'java/lang/NoSuchMethodError'{0x00000000c5040fa0}: 'java.lang.Object java.lang.invoke.DirectMethodHandle$Holder.invokeInterface(java.lang.Object, java.lang.Object, java.lang.Object)'> (0x00000000c5040fa0) 
thrown [s\src\hotspot\share\interpreter\linkResolver.cpp, line 759]
Event: 3.454 Thread 0x000001f21d64ce00 Exception <a 'java/lang/NoSuchMethodError'{0x00000000c4f5b060}: 'int java.lang.invoke.DirectMethodHandle$Holder.invokeStaticInit(java.lang.Object, java.lang.Object, java.lang.Object)'> (0x00000000c4f5b060) 
thrown [s\src\hotspot\share\interpreter\linkResolver.cpp, line 759]
Event: 3.472 Thread 0x000001f21d64ce00 Exception <a 'java/lang/NoSuchMethodError'{0x00000000c4fce148}: 'java.lang.Object java.lang.invoke.DirectMethodHandle$Holder.newInvokeSpecial(java.lang.Object, java.lang.Object, java.lang.Object, java.lang.Object, java.lang.Object)'> (0x00000000c4fce148) 
thrown [s\src\hotspot\share\interpreter\linkResolver.cpp, line 759]
Event: 3.521 Thread 0x000001f21d64ce00 Exception <a 'java/lang/IncompatibleClassChangeError'{0x00000000c4ec5068}: Found class java.lang.Object, but interface was expected> (0x00000000c4ec5068) 
thrown [s\src\hotspot\share\interpreter\linkResolver.cpp, line 826]

VM Operations (20 events):
Event: 1.984 Executing VM operation: HandshakeAllThreads
Event: 1.984 Executing VM operation: HandshakeAllThreads done
Event: 2.087 Executing VM operation: HandshakeAllThreads
Event: 2.087 Executing VM operation: HandshakeAllThreads done
Event: 2.141 Executing VM operation: HandshakeAllThreads
Event: 2.141 Executing VM operation: HandshakeAllThreads done
Event: 2.508 Executing VM operation: G1CollectForAllocation
Event: 2.522 Executing VM operation: G1CollectForAllocation done
Event: 3.050 Executing VM operation: HandshakeAllThreads
Event: 3.050 Executing VM operation: HandshakeAllThreads done
Event: 3.061 Executing VM operation: HandshakeAllThreads
Event: 3.061 Executing VM operation: HandshakeAllThreads done
Event: 3.202 Executing VM operation: HandshakeAllThreads
Event: 3.202 Executing VM operation: HandshakeAllThreads done
Event: 3.544 Executing VM operation: HandshakeAllThreads
Event: 3.544 Executing VM operation: HandshakeAllThreads done
Event: 3.544 Executing VM operation: Cleanup
Event: 3.544 Executing VM operation: Cleanup done
Event: 3.753 Executing VM operation: G1CollectForAllocation
Event: 3.764 Executing VM operation: G1CollectForAllocation done

Events (20 events):
Event: 3.668 loading class java/time/Month
Event: 3.669 loading class java/time/Month done
Event: 3.670 loading class java/time/YearMonth
Event: 3.670 loading class java/time/YearMonth done
Event: 3.671 loading class java/time/MonthDay
Event: 3.671 loading class java/time/MonthDay done
Event: 3.676 loading class sun/reflect/generics/tree/CharSignature
Event: 3.676 loading class sun/reflect/generics/tree/CharSignature done
Event: 3.676 loading class sun/reflect/generics/tree/ArrayTypeSignature
Event: 3.676 loading class sun/reflect/generics/tree/ArrayTypeSignature done
Event: 3.678 loading class java/net/UnknownHostException
Event: 3.678 loading class java/net/UnknownHostException done
Event: 3.678 loading class java/net/InetAddress
Event: 3.679 loading class java/net/InetAddress done
Event: 3.697 loading class sun/reflect/generics/tree/ByteSignature
Event: 3.698 loading class sun/reflect/generics/tree/ByteSignature done
Event: 3.748 loading class java/util/Random
Event: 3.750 loading class java/util/random/RandomGenerator
Event: 3.752 loading class java/util/random/RandomGenerator done
Event: 3.764 loading class java/util/Random done


Dynamic libraries:
0x00007ff7627d0000 - 0x00007ff7627de000 	c:\Users\Dell\.vscode\extensions\redhat.java-1.31.0-win32-x64\jre\17.0.11-win32-x86_64\bin\java.exe
0x00007ffa21a10000 - 0x00007ffa21c08000 	C:\WINDOWS\SYSTEM32\ntdll.dll
0x00007ffa20b60000 - 0x00007ffa20c1d000 	C:\WINDOWS\System32\KERNEL32.DLL
0x00007ffa1f4d0000 - 0x00007ffa1f7c6000 	C:\WINDOWS\System32\KERNELBASE.dll
0x00007ffa1f900000 - 0x00007ffa1fa00000 	C:\WINDOWS\System32\ucrtbase.dll
0x00007ffa0a420000 - 0x00007ffa0a437000 	c:\Users\Dell\.vscode\extensions\redhat.java-1.31.0-win32-x64\jre\17.0.11-win32-x86_64\bin\jli.dll
0x00007ffa209c0000 - 0x00007ffa20b5f000 	C:\WINDOWS\System32\USER32.dll
0x00007ffa1f260000 - 0x00007ffa1f282000 	C:\WINDOWS\System32\win32u.dll
0x00007ffa1fa50000 - 0x00007ffa1fa7b000 	C:\WINDOWS\System32\GDI32.dll
0x00007ffa1f300000 - 0x00007ffa1f417000 	C:\WINDOWS\System32\gdi32full.dll
0x00007ffa1f7d0000 - 0x00007ffa1f86d000 	C:\WINDOWS\System32\msvcp_win.dll
0x00007ff9f1720000 - 0x00007ff9f173b000 	c:\Users\Dell\.vscode\extensions\redhat.java-1.31.0-win32-x64\jre\17.0.11-win32-x86_64\bin\VCRUNTIME140.dll
0x00007ffa0e8b0000 - 0x00007ffa0eb4a000 	C:\WINDOWS\WinSxS\amd64_microsoft.windows.common-controls_6595b64144ccf1df_6.0.19041.4355_none_60b8b9eb71f62e16\COMCTL32.dll
0x00007ffa1fbd0000 - 0x00007ffa1fc6e000 	C:\WINDOWS\System32\msvcrt.dll
0x00007ffa20c20000 - 0x00007ffa20c4f000 	C:\WINDOWS\System32\IMM32.DLL
0x00007ffa1c150000 - 0x00007ffa1c15c000 	c:\Users\Dell\.vscode\extensions\redhat.java-1.31.0-win32-x64\jre\17.0.11-win32-x86_64\bin\vcruntime140_1.dll
0x00007ff9d6a80000 - 0x00007ff9d6b0d000 	c:\Users\Dell\.vscode\extensions\redhat.java-1.31.0-win32-x64\jre\17.0.11-win32-x86_64\bin\msvcp140.dll
0x00007ff9c2590000 - 0x00007ff9c31f2000 	c:\Users\Dell\.vscode\extensions\redhat.java-1.31.0-win32-x64\jre\17.0.11-win32-x86_64\bin\server\jvm.dll
0x00007ffa20540000 - 0x00007ffa205f0000 	C:\WINDOWS\System32\ADVAPI32.dll
0x00007ffa208b0000 - 0x00007ffa20950000 	C:\WINDOWS\System32\sechost.dll
0x00007ffa205f0000 - 0x00007ffa20713000 	C:\WINDOWS\System32\RPCRT4.dll
0x00007ffa1f230000 - 0x00007ffa1f257000 	C:\WINDOWS\System32\bcrypt.dll
0x00007ffa1ef20000 - 0x00007ffa1ef6b000 	C:\WINDOWS\SYSTEM32\POWRPROF.dll
0x00007ffa17ca0000 - 0x00007ffa17ca9000 	C:\WINDOWS\SYSTEM32\WSOCK32.dll
0x00007ffa20440000 - 0x00007ffa204ab000 	C:\WINDOWS\System32\WS2_32.dll
0x00007ffa1afc0000 - 0x00007ffa1afe7000 	C:\WINDOWS\SYSTEM32\WINMM.dll
0x00007ffa16890000 - 0x00007ffa1689a000 	C:\WINDOWS\SYSTEM32\VERSION.dll
0x00007ffa1ef00000 - 0x00007ffa1ef12000 	C:\WINDOWS\SYSTEM32\UMPDC.dll
0x00007ffa1d8e0000 - 0x00007ffa1d8f2000 	C:\WINDOWS\SYSTEM32\kernel.appcore.dll
0x00007ffa133f0000 - 0x00007ffa133fa000 	c:\Users\Dell\.vscode\extensions\redhat.java-1.31.0-win32-x64\jre\17.0.11-win32-x86_64\bin\jimage.dll
0x00007ffa1d5a0000 - 0x00007ffa1d784000 	C:\WINDOWS\SYSTEM32\DBGHELP.DLL
0x00007ffa1aef0000 - 0x00007ffa1af24000 	C:\WINDOWS\SYSTEM32\dbgcore.DLL
0x00007ffa1f870000 - 0x00007ffa1f8f2000 	C:\WINDOWS\System32\bcryptPrimitives.dll
0x00007ff9da240000 - 0x00007ff9da265000 	c:\Users\Dell\.vscode\extensions\redhat.java-1.31.0-win32-x64\jre\17.0.11-win32-x86_64\bin\java.dll
0x00007ff9f1410000 - 0x00007ff9f1428000 	c:\Users\Dell\.vscode\extensions\redhat.java-1.31.0-win32-x64\jre\17.0.11-win32-x86_64\bin\zip.dll
0x00007ffa21260000 - 0x00007ffa219cc000 	C:\WINDOWS\System32\SHELL32.dll
0x00007ffa1ccd0000 - 0x00007ffa1d46d000 	C:\WINDOWS\SYSTEM32\windows.storage.dll
0x00007ffa1ffb0000 - 0x00007ffa20303000 	C:\WINDOWS\System32\combase.dll
0x00007ffa1ea80000 - 0x00007ffa1eaae000 	C:\WINDOWS\SYSTEM32\Wldp.dll
0x00007ffa20310000 - 0x00007ffa203dd000 	C:\WINDOWS\System32\OLEAUT32.dll
0x00007ffa1fb00000 - 0x00007ffa1fbad000 	C:\WINDOWS\System32\SHCORE.dll
0x00007ffa20720000 - 0x00007ffa20775000 	C:\WINDOWS\System32\shlwapi.dll
0x00007ffa1f000000 - 0x00007ffa1f024000 	C:\WINDOWS\SYSTEM32\profapi.dll
0x00007ff9f1370000 - 0x00007ff9f1389000 	C:\Users\Dell\.vscode\extensions\redhat.java-1.31.0-win32-x64\jre\17.0.11-win32-x86_64\bin\net.dll
0x00007ffa1b730000 - 0x00007ffa1b83a000 	C:\WINDOWS\SYSTEM32\WINHTTP.dll
0x00007ffa1e780000 - 0x00007ffa1e7ea000 	C:\WINDOWS\system32\mswsock.dll
0x00007ff9f12e0000 - 0x00007ff9f12f6000 	C:\Users\Dell\.vscode\extensions\redhat.java-1.31.0-win32-x64\jre\17.0.11-win32-x86_64\bin\nio.dll

dbghelp: loaded successfully - version: 4.0.5 - missing functions: none
symbol engine: initialized successfully - sym options: 0x614 - pdb path: .;c:\Users\Dell\.vscode\extensions\redhat.java-1.31.0-win32-x64\jre\17.0.11-win32-x86_64\bin;C:\WINDOWS\SYSTEM32;C:\WINDOWS\WinSxS\amd64_microsoft.windows.common-controls_6595b64144ccf1df_6.0.19041.4355_none_60b8b9eb71f62e16;c:\Users\Dell\.vscode\extensions\redhat.java-1.31.0-win32-x64\jre\17.0.11-win32-x86_64\bin\server

VM Arguments:
jvm_args: -Xmx1024m -Dsts.lsp.client=vscode -Dsts.log.file=/dev/null -XX:TieredStopAtLevel=1 -Xlog:jni+resolve=off -Dspring.config.location=file:c:\Users\Dell\.vscode\extensions\vmware.vscode-spring-boot-1.55.1\language-server\BOOT-INF\classes\application.properties 
java_command: org.springframework.ide.vscode.boot.app.BootLanguageServerBootApp
java_class_path (initial): c:\Users\Dell\.vscode\extensions\vmware.vscode-spring-boot-1.55.1\language-server\BOOT-INF\classes;c:\Users\Dell\.vscode\extensions\vmware.vscode-spring-boot-1.55.1\language-server\BOOT-INF\lib\annotations-24.1.0.jar;c:\Users\Dell\.vscode\extensions\vmware.vscode-spring-boot-1.55.1\language-server\BOOT-INF\lib\antlr4-runtime-4.13.1.jar;c:\Users\Dell\.vscode\extensions\vmware.vscode-spring-boot-1.55.1\language-server\BOOT-INF\lib\asm-9.7.jar;c:\Users\Dell\.vscode\extensions\vmware.vscode-spring-boot-1.55.1\language-server\BOOT-INF\lib\asm-analysis-9.7.jar;c:\Users\Dell\.vscode\extensions\vmware.vscode-spring-boot-1.55.1\language-server\BOOT-INF\lib\asm-tree-9.7.jar;c:\Users\Dell\.vscode\extensions\vmware.vscode-spring-boot-1.55.1\language-server\BOOT-INF\lib\asm-util-9.7.jar;c:\Users\Dell\.vscode\extensions\vmware.vscode-spring-boot-1.55.1\language-server\BOOT-INF\lib\caffeine-3.1.8.jar;c:\Users\Dell\.vscode\extensions\vmware.vscode-spring-boot-1.55.1\language-server\BOOT-INF\lib\checker-qual-3.12.0.jar;c:\Users\Dell\.vscode\extensions\vmware.vscode-spring-boot-1.55.1\language-server\BOOT-INF\lib\classgraph-4.8.149.jar;c:\Users\Dell\.vscode\extensions\vmware.vscode-spring-boot-1.55.1\language-server\BOOT-INF\lib\commons-codec-1.16.1.jar;c:\Users\Dell\.vscode\extensions\vmware.vscode-spring-boot-1.55.1\language-server\BOOT-INF\lib\commons-compress-1.26.1.jar;c:\Users\Dell\.vscode\extensions\vmware.vscode-spring-boot-1.55.1\language-server\BOOT-INF\lib\commons-io-2.16.1.jar;c:\Users\Dell\.vscode\extensions\vmware.vscode-spring-boot-1.55.1\language-server\BOOT-INF\lib\commons-java-1.55.1-SNAPSHOT.jar;c:\Users\Dell\.vscode\extensions\vmware.vscode-spring-boot-1.55.1\language-server\BOOT-INF\lib\commons-lang3-3.14.0.jar;c:\Users\Dell\.vscode\extensions\vmware.vscode-spring-boot-1.55.1\language-server\BOOT-INF\lib\commons-language-server-1.55.1-SNAPSHOT.jar;c:\Users\Dell\.vscode\extensions\vmware.vscode-spring-boot-1.55.1\language-server\BOOT-I
Launcher Type: SUN_STANDARD

[Global flags]
     intx CICompilerCount                          = 4                                         {product} {ergonomic}
     uint ConcGCThreads                            = 2                                         {product} {ergonomic}
     uint G1ConcRefinementThreads                  = 8                                         {product} {ergonomic}
   size_t G1HeapRegionSize                         = 1048576                                   {product} {ergonomic}
    uintx GCDrainStackTargetSize                   = 64                                        {product} {ergonomic}
   size_t InitialHeapSize                          = 100663296                                 {product} {ergonomic}
   size_t MarkStackSize                            = 4194304                                   {product} {ergonomic}
   size_t MaxHeapSize                              = 1073741824                                {product} {command line}
   size_t MaxNewSize                               = 643825664                                 {product} {ergonomic}
   size_t MinHeapDeltaBytes                        = 1048576                                   {product} {ergonomic}
   size_t MinHeapSize                              = 8388608                                   {product} {ergonomic}
    uintx NonProfiledCodeHeapSize                  = 0                                      {pd product} {ergonomic}
     bool ProfileInterpreter                       = false                                  {pd product} {command line}
    uintx ProfiledCodeHeapSize                     = 0                                      {pd product} {ergonomic}
   size_t SoftMaxHeapSize                          = 1073741824                             {manageable} {ergonomic}
     intx TieredStopAtLevel                        = 1                                         {product} {command line}
     bool UseCompressedClassPointers               = true                           {product lp64_product} {ergonomic}
     bool UseCompressedOops                        = true                           {product lp64_product} {ergonomic}
     bool UseG1GC                                  = true                                      {product} {ergonomic}
     bool UseLargePagesIndividualAllocation        = false                                  {pd product} {ergonomic}

Logging:
Log output configuration:
 #0: stdout all=warning,jni+resolve=off uptime,level,tags
 #1: stderr all=off uptime,level,tags

Environment Variables:
JAVA_HOME=C:\Program Files\Java\jdk-16.0.1
PATH=C:\Python310\Scripts\;C:\Python310\;C:\Program Files\Common Files\Oracle\Java\javapath;C:\Python38\Scripts\;C:\Python38\;C:\Program Files (x86)\Common Files\Oracle\Java\javapath;C:\ProgramData\Oracle\Java\javapath;C:\WINDOWS\system32;C:\WINDOWS;C:\WINDOWS\System32\Wbem;C:\WINDOWS\System32\WindowsPowerShell\v1.0\;C:\WINDOWS\System32\OpenSSH\;C:\ProgramData\chocolatey\bin;C:\Program Files (x86)\QuickTime\QTSystem\;C:\Program Files (x86)\Microsoft SQL Server\100\Tools\Binn\;C:\Program Files\Microsoft SQL Server\100\Tools\Binn\;C:\Program Files\Microsoft SQL Server\100\DTS\Binn\;C:\xampp\php;C:\ProgramData\ComposerSetup\bin;D:\khin\Microsoft VS Code\bin;C:\Program Files\MongoDB\Server\5.0\bin;C:\Program Files\dotnet\;C:\Program Files\Git\cmd;C:\Program Files (x86)\Microsoft SQL Server\160\Tools\Binn\;C:\Program Files\Microsoft SQL Server\160\Tools\Binn\;C:\Program Files\Microsoft SQL Server\Client SDK\ODBC\170\Tools\Binn\;C:\Program Files\Microsoft SQL Server\160\DTS\Binn\;C:\Program Files\PuTTY\;C:\Program Files\Java\jdk-16.0.1;C:\Program Files (x86)\Windows Kits\10\Windows Performance Toolkit\;C:\Program Files\nodejs\;C:\Users\Dell\.windows-build-tools\python27\;C:\Users\Dell\AppData\Local\Microsoft\WindowsApps;C:\Users\Dell\.dotnet\tools;C:\Users\Dell\AppData\Roaming\Composer\vendor\bin;C:\Users\Dell\Documents\flutter\bin;C:\Users\Dell\AppData\Local\Microsoft\WindowsApps;C:\Program Files\Go\bin;C:\Program Files\heroku\bin;C:\msys64\mingw64\bin;C:\Program Files\Azure Data Studio\bin;C:\Program Files\Java\jdk-16.0.1;C:\Users\Dell\AppData\Local\Google\Cloud SDK\google-cloud-sdk\bin;C:\Users\Dell\AppData\Roaming\npm;D:\apache-maven-3.9.8\bin;
USERNAME=Dell
OS=Windows_NT
PROCESSOR_IDENTIFIER=AMD64 Family 23 Model 24 Stepping 1, AuthenticAMD
TMP=C:\Users\Dell\AppData\Local\Temp
TEMP=C:\Users\Dell\AppData\Local\Temp



Periodic native trim disabled


---------------  S Y S T E M  ---------------

OS:
 Windows 10 , 64 bit Build 19041 (10.0.19041.3636)
OS uptime: 1 days 15:02 hours

CPU: total 8 (initial active 8) (8 cores per cpu, 2 threads per core) family 23 model 24 stepping 1 microcode 0x0, cx8, cmov, fxsr, ht, mmx, 3dnowpref, sse, sse2, sse3, ssse3, sse4a, sse4.1, sse4.2, popcnt, lzcnt, tsc, tscinvbit, avx, avx2, aes, clmul, bmi1, bmi2, adx, sha, fma, vzeroupper, clflush, clflushopt
Processor Information for all 8 processors :
  Max Mhz: 2100, Current Mhz: 2100, Mhz Limit: 2100

Memory: 4k page, system-wide physical 6030M (459M free)
TotalPageFile size 12030M (AvailPageFile size 244M)
current process WorkingSet (physical memory assigned to process): 91M, peak: 91M
current process commit charge ("private bytes"): 188M, peak: 188M

vm_info: OpenJDK 64-Bit Server VM (17.0.11+9) for windows-amd64 JRE (17.0.11+9), built on Apr 17 2024 06:07:48 by "admin" with MS VC++ 16.10 / 16.11 (VS2019)

END.
